#
# There is insufficient memory for the Java Runtime Environment to continue.
# Native memory allocation (mmap) failed to map 264241152 bytes. Error detail: G1 virtual space
# Possible reasons:
#   The system is out of physical RAM or swap space
#   This process is running with CompressedOops enabled, and the Java Heap may be blocking the growth of the native heap
# Possible solutions:
#   Reduce memory load on the system
#   Increase physical memory or swap space
#   Check if swap backing store is full
#   Decrease Java heap size (-Xmx/-Xms)
#   Decrease number of Java threads
#   Decrease Java thread stack sizes (-Xss)
#   Set larger code cache with -XX:ReservedCodeCacheSize=
#   JVM is running with Zero Based Compressed Oops mode in which the Java heap is
#     placed in the first 32GB address space. The Java Heap base address is the
#     maximum limit for the native heap growth. Please use -XX:HeapBaseMinAddress
#     to set the Java Heap base and to place the Java Heap above 32GB virtual address.
# This output file may be truncated or incomplete.
#
#  Out of Memory Error (os_windows.cpp:3707), pid=2572, tid=15120
#
# JRE version:  (23.0.2+7) (build )
# Java VM: OpenJDK 64-Bit Server VM (23.0.2+7-58, mixed mode, sharing, tiered, compressed oops, compressed class ptrs, g1 gc, windows-amd64)
# No core dump will be written. Minidumps are not enabled by default on client versions of Windows
#

---------------  S U M M A R Y ------------

Command Line: C:\Users\User\AppData\Local\Temp\surefire204143843766944399\surefirebooter-20250603040148745_3.jar C:\Users\User\AppData\Local\Temp\surefire204143843766944399 2025-06-03T04-01-48_409-jvmRun1 surefire-20250603040148745_1tmp surefire_0-20250603040148745_2tmp

Host: 12th Gen Intel(R) Core(TM) i5-1240P, 16 cores, 15G,  Windows 11 , 64 bit Build 26100 (10.0.26100.3912)
Time: Tue Jun  3 04:01:49 2025  Windows 11 , 64 bit Build 26100 (10.0.26100.3912) elapsed time: 0.014182 seconds (0d 0h 0m 0s)

---------------  T H R E A D  ---------------

Current thread (0x0000014acb2c0ec0):  JavaThread "Unknown thread" [_thread_in_vm, id=15120, stack(0x0000000720400000,0x0000000720500000) (1024K)]

Stack: [0x0000000720400000,0x0000000720500000]
Native frames: (J=compiled Java code, j=interpreted, Vv=VM code, C=native code)
V  [jvm.dll+0x6e0b99]  (no source info available)
V  [jvm.dll+0x87e2b3]  (no source info available)
V  [jvm.dll+0x88073e]  (no source info available)
V  [jvm.dll+0x880e13]  (no source info available)
V  [jvm.dll+0x27b006]  (no source info available)
V  [jvm.dll+0x6dd485]  (no source info available)
V  [jvm.dll+0x6d127a]  (no source info available)
V  [jvm.dll+0x35b50a]  (no source info available)
V  [jvm.dll+0x363916]  (no source info available)
V  [jvm.dll+0x34fe7e]  (no source info available)
V  [jvm.dll+0x350118]  (no source info available)
V  [jvm.dll+0x328aec]  (no source info available)
V  [jvm.dll+0x32978e]  (no source info available)
V  [jvm.dll+0x8449a5]  (no source info available)
V  [jvm.dll+0x3b9a08]  (no source info available)
V  [jvm.dll+0x82d68c]  (no source info available)
V  [jvm.dll+0x454f2e]  (no source info available)
V  [jvm.dll+0x456db1]  (no source info available)
C  [jli.dll+0x52a3]  (no source info available)
C  [ucrtbase.dll+0x37b0]  (no source info available)
C  [KERNEL32.DLL+0x2e8d7]  (no source info available)
C  [ntdll.dll+0x9c5dc]  (no source info available)

Lock stack of current Java thread (top to bottom):


---------------  P R O C E S S  ---------------

Threads class SMR info:
_java_thread_list=0x00007ffe6cfa4618, length=0, elements={
}

Java Threads: ( => current thread )
Total: 0

Other Threads:
  0x0000014acd642990 WorkerThread "GC Thread#0"                     [id=28972, stack(0x0000000720500000,0x0000000720600000) (1024K)]
  0x0000014acd658270 ConcurrentGCThread "G1 Main Marker"            [id=17276, stack(0x0000000720600000,0x0000000720700000) (1024K)]
  0x0000014acd659840 WorkerThread "G1 Conc#0"                       [id=27424, stack(0x0000000720700000,0x0000000720800000) (1024K)]

[error occurred during error reporting (printing all threads), id 0xc0000005, EXCEPTION_ACCESS_VIOLATION (0xc0000005) at pc=0x00007ffe6c6ec0da]
VM state: not at safepoint (not fully initialized)

VM Mutex/Monitor currently owned by a thread:  ([mutex/lock_event])
[0x00007ffe6d024988] Heap_lock - owner thread: 0x0000014acb2c0ec0

Heap address: 0x00000004d8400000, size: 4024 MB, Compressed Oops mode: Zero based, Oop shift amount: 3

CDS archive(s) mapped at: [0x0000000000000000-0x0000000000000000-0x0000000000000000), size 0, SharedBaseAddress: 0x0000000800000000, ArchiveRelocationMode: 1.
Narrow klass base: 0x0000000000000000, Narrow klass shift: 0, Narrow klass range: 0x0

GC Precious Log:
 CardTable entry size: 512
 Card Set container configuration: InlinePtr #cards 4 size 8 Array Of Cards #cards 16 size 48 Howl #buckets 8 coarsen threshold 3686 Howl Bitmap #cards 512 size 80 coarsen threshold 460 Card regions per heap region 1 cards per card region 4096

Heap:
 garbage-first heap   total reserved 4120576K, committed 0K, used 0K [0x00000004d8400000, 0x00000005d3c00000)
  region size 2048K, 0 young (0K), 0 survivors (0K)

[error occurred during error reporting (printing heap information), id 0xc0000005, EXCEPTION_ACCESS_VIOLATION (0xc0000005) at pc=0x00007ffe6caec6a9]
GC Heap History (0 events):
No events

Dll operation events (1 events):
Event: 0.008 Loaded shared library C:\Users\User\scoop\apps\openjdk\current\bin\java.dll

Deoptimization events (0 events):
No events

Classes loaded (0 events):
No events

Classes unloaded (0 events):
No events

Classes redefined (0 events):
No events

Internal exceptions (0 events):
No events

VM Operations (0 events):
No events

Memory protections (0 events):
No events

Nmethod flushes (0 events):
No events

Events (0 events):
No events


Dynamic libraries:
0x00007ff708b60000 - 0x00007ff708b6e000 	C:\Users\User\scoop\apps\openjdk\current\bin\java.exe
0x00007fff6adc0000 - 0x00007fff6b026000 	C:\WINDOWS\SYSTEM32\ntdll.dll
0x00007fff68de0000 - 0x00007fff68ea9000 	C:\WINDOWS\System32\KERNEL32.DLL
0x00007fff680a0000 - 0x00007fff6846c000 	C:\WINDOWS\System32\KERNELBASE.dll
0x00007fff686c0000 - 0x00007fff6880b000 	C:\WINDOWS\System32\ucrtbase.dll
0x00007fff4db10000 - 0x00007fff4db27000 	C:\Users\User\scoop\apps\openjdk\current\bin\jli.dll
0x00007fff4a150000 - 0x00007fff4a16b000 	C:\Users\User\scoop\apps\openjdk\current\bin\VCRUNTIME140.dll
0x00007fff69570000 - 0x00007fff6973a000 	C:\WINDOWS\System32\USER32.dll
0x00007fff68690000 - 0x00007fff686b7000 	C:\WINDOWS\System32\win32u.dll
0x00007fff6a620000 - 0x00007fff6a64b000 	C:\WINDOWS\System32\GDI32.dll
0x00007fff48ec0000 - 0x00007fff4915a000 	C:\WINDOWS\WinSxS\amd64_microsoft.windows.common-controls_6595b64144ccf1df_6.0.26100.3912_none_3e07963ce335137e\COMCTL32.dll
0x00007fff688c0000 - 0x00007fff689f2000 	C:\WINDOWS\System32\gdi32full.dll
0x00007fff6a740000 - 0x00007fff6a7e9000 	C:\WINDOWS\System32\msvcrt.dll
0x00007fff68810000 - 0x00007fff688b3000 	C:\WINDOWS\System32\msvcp_win.dll
0x00007fff68ca0000 - 0x00007fff68cd0000 	C:\WINDOWS\System32\IMM32.DLL
0x00007fff4db00000 - 0x00007fff4db0c000 	C:\Users\User\scoop\apps\openjdk\current\bin\vcruntime140_1.dll
0x00007fff05a80000 - 0x00007fff05b0e000 	C:\Users\User\scoop\apps\openjdk\current\bin\msvcp140.dll
0x00007ffe6c3b0000 - 0x00007ffe6d100000 	C:\Users\User\scoop\apps\openjdk\current\bin\server\jvm.dll
0x00007fff694b0000 - 0x00007fff69562000 	C:\WINDOWS\System32\ADVAPI32.dll
0x00007fff690a0000 - 0x00007fff69146000 	C:\WINDOWS\System32\sechost.dll
0x00007fff68b80000 - 0x00007fff68c96000 	C:\WINDOWS\System32\RPCRT4.dll
0x00007fff68eb0000 - 0x00007fff68f24000 	C:\WINDOWS\System32\WS2_32.dll
0x00007fff67770000 - 0x00007fff677ce000 	C:\WINDOWS\SYSTEM32\POWRPROF.dll
0x00007fff51de0000 - 0x00007fff51e16000 	C:\WINDOWS\SYSTEM32\WINMM.dll
0x00007fff56590000 - 0x00007fff5659b000 	C:\WINDOWS\SYSTEM32\VERSION.dll
0x00007fff67750000 - 0x00007fff67764000 	C:\WINDOWS\SYSTEM32\UMPDC.dll
0x00007fff66cd0000 - 0x00007fff66cea000 	C:\WINDOWS\SYSTEM32\kernel.appcore.dll
0x00007fff4da20000 - 0x00007fff4da2a000 	C:\Users\User\scoop\apps\openjdk\current\bin\jimage.dll
0x00007fff655e0000 - 0x00007fff65821000 	C:\WINDOWS\SYSTEM32\DBGHELP.DLL
0x00007fff6a290000 - 0x00007fff6a614000 	C:\WINDOWS\System32\combase.dll
0x00007fff6a650000 - 0x00007fff6a730000 	C:\WINDOWS\System32\OLEAUT32.dll
0x00007fff365e0000 - 0x00007fff36619000 	C:\WINDOWS\SYSTEM32\dbgcore.DLL
0x00007fff685f0000 - 0x00007fff68689000 	C:\WINDOWS\System32\bcryptPrimitives.dll
0x00007fff4a130000 - 0x00007fff4a14e000 	C:\Users\User\scoop\apps\openjdk\current\bin\java.dll
0x00007fff69f90000 - 0x00007fff6a12f000 	C:\WINDOWS\System32\ole32.dll
0x00007fff69860000 - 0x00007fff69f8d000 	C:\WINDOWS\System32\SHELL32.dll
0x00007fff68470000 - 0x00007fff685e4000 	C:\WINDOWS\System32\wintypes.dll

dbghelp: loaded successfully - version: 4.0.5 - missing functions: none
symbol engine: initialized successfully - sym options: 0x614 - pdb path: .;C:\Users\User\scoop\apps\openjdk\current\bin;C:\WINDOWS\SYSTEM32;C:\WINDOWS\WinSxS\amd64_microsoft.windows.common-controls_6595b64144ccf1df_6.0.26100.3912_none_3e07963ce335137e;C:\Users\User\scoop\apps\openjdk\current\bin\server

VM Arguments:
java_command: C:\Users\User\AppData\Local\Temp\surefire204143843766944399\surefirebooter-20250603040148745_3.jar C:\Users\User\AppData\Local\Temp\surefire204143843766944399 2025-06-03T04-01-48_409-jvmRun1 surefire-20250603040148745_1tmp surefire_0-20250603040148745_2tmp
java_class_path (initial): C:\Users\User\AppData\Local\Temp\surefire204143843766944399\surefirebooter-20250603040148745_3.jar
Launcher Type: SUN_STANDARD

[Global flags]
     intx CICompilerCount                          = 12                                        {product} {ergonomic}
     uint ConcGCThreads                            = 3                                         {product} {ergonomic}
     uint G1ConcRefinementThreads                  = 13                                        {product} {ergonomic}
   size_t G1HeapRegionSize                         = 2097152                                   {product} {ergonomic}
   size_t InitialHeapSize                          = 264241152                                 {product} {ergonomic}
   size_t MarkStackSize                            = 4194304                                   {product} {ergonomic}
   size_t MarkStackSizeMax                         = 536870912                                 {product} {ergonomic}
   size_t MaxHeapSize                              = 4219469824                                {product} {ergonomic}
   size_t MinHeapDeltaBytes                        = 2097152                                   {product} {ergonomic}
   size_t MinHeapSize                              = 8388608                                   {product} {ergonomic}
    uintx NonNMethodCodeHeapSize                   = 7602176                                {pd product} {ergonomic}
    uintx NonProfiledCodeHeapSize                  = 122093568                              {pd product} {ergonomic}
    uintx ProfiledCodeHeapSize                     = 121962496                              {pd product} {ergonomic}
    uintx ReservedCodeCacheSize                    = 251658240                              {pd product} {ergonomic}
     bool SegmentedCodeCache                       = true                                      {product} {ergonomic}
   size_t SoftMaxHeapSize                          = 4219469824                             {manageable} {ergonomic}
     bool UseCompressedOops                        = true                           {product lp64_product} {ergonomic}
     bool UseG1GC                                  = true                                      {product} {ergonomic}
     bool UseLargePagesIndividualAllocation        = false                                  {pd product} {ergonomic}

Logging:
Log output configuration:
 #0: stdout all=warning uptime,level,tags foldmultilines=false
 #1: stderr all=off uptime,level,tags foldmultilines=false

Environment Variables:
JAVA_HOME=C:\Users\User\scoop\apps\openjdk\current
PATH=C:\Program Files\WindowsApps\Microsoft.PowerShell_7.5.1.0_x64__8wekyb3d8bbwe;C:\Python313\Scripts\;C:\Python313\;C:\Program Files\Common Files\Oracle\Java\javapath;C:\Program Files (x86)\Common Files\Oracle\Java\javapath;C:\WINDOWS\system32;C:\WINDOWS;C:\WINDOWS\System32\Wbem;C:\WINDOWS\System32\WindowsPowerShell\v1.0\;C:\WINDOWS\System32\OpenSSH\;C:\Program Files\dotnet\;C:\Program Files\Git\cmd;C:\Program Files\Maven\apache-maven-3.9.9\bin;C:\ProgramData\chocolatey\bin;C:\Program Files\nodejs\;C:\Program Files\NVIDIA Corporation\NVIDIA App\NvDLISR;C:\Program Files (x86)\NVIDIA Corporation\PhysX\Common;C:\Users\User\scoop\apps\openjdk\current\bin;C:\Users\User\scoop\shims;C:\Users\User\AppData\Local\Microsoft\WindowsApps;C:\Users\User\.dotnet\tools;C:\Program Files\JetBrains\IntelliJ IDEA 2024.2.3\bin;;C:\Users\User\AppData\Local\Programs\Microsoft VS Code\bin;C:\Users\User\AppData\Roaming\npm
USERNAME=User
OS=Windows_NT
PROCESSOR_IDENTIFIER=Intel64 Family 6 Model 154 Stepping 3, GenuineIntel
TMP=C:\Users\User\AppData\Local\Temp
TEMP=C:\Users\User\AppData\Local\Temp




Periodic native trim disabled

---------------  S Y S T E M  ---------------

OS:
 Windows 11 , 64 bit Build 26100 (10.0.26100.3912)
OS uptime: 0 days 16:33 hours
Hyper-V role detected

CPU: total 16 (initial active 16) (8 cores per cpu, 2 threads per core) family 6 model 154 stepping 3 microcode 0x419, cx8, cmov, fxsr, ht, mmx, 3dnowpref, sse, sse2, sse3, ssse3, sse4.1, sse4.2, popcnt, lzcnt, tsc, tscinvbit, avx, avx2, aes, erms, clmul, bmi1, bmi2, adx, sha, fma, vzeroupper, clflush, clflushopt, clwb, hv, serialize, rdtscp, rdpid, fsrm, gfni, f16c, cet_ibt, cet_ss
Processor Information for processor 0
  Max Mhz: 1700, Current Mhz: 1700, Mhz Limit: 1700
Processor Information for processor 1
  Max Mhz: 1700, Current Mhz: 1700, Mhz Limit: 1700
Processor Information for processor 2
  Max Mhz: 1700, Current Mhz: 1700, Mhz Limit: 1700
Processor Information for processor 3
  Max Mhz: 1700, Current Mhz: 1700, Mhz Limit: 1700
Processor Information for processor 4
  Max Mhz: 1700, Current Mhz: 1700, Mhz Limit: 1700
Processor Information for processor 5
  Max Mhz: 1700, Current Mhz: 1700, Mhz Limit: 1700
Processor Information for processor 6
  Max Mhz: 1700, Current Mhz: 1700, Mhz Limit: 1700
Processor Information for processor 7
  Max Mhz: 1700, Current Mhz: 1700, Mhz Limit: 1700
Processor Information for processor 8
  Max Mhz: 1700, Current Mhz: 1200, Mhz Limit: 1190
Processor Information for processor 9
  Max Mhz: 1700, Current Mhz: 1200, Mhz Limit: 1190
Processor Information for processor 10
  Max Mhz: 1700, Current Mhz: 1200, Mhz Limit: 1190
Processor Information for processor 11
  Max Mhz: 1700, Current Mhz: 1200, Mhz Limit: 1190
Processor Information for processor 12
  Max Mhz: 1700, Current Mhz: 1200, Mhz Limit: 1190
Processor Information for processor 13
  Max Mhz: 1700, Current Mhz: 1200, Mhz Limit: 1190
Processor Information for processor 14
  Max Mhz: 1700, Current Mhz: 1200, Mhz Limit: 1190
Processor Information for processor 15
  Max Mhz: 1700, Current Mhz: 1200, Mhz Limit: 1190

Memory: 4k page, system-wide physical 16088M (1761M free)
TotalPageFile size 26069M (AvailPageFile size 56M)
current process WorkingSet (physical memory assigned to process): 13M, peak: 13M
current process commit charge ("private bytes"): 71M, peak: 323M

vm_info: OpenJDK 64-Bit Server VM (23.0.2+7-58) for windows-amd64 JRE (23.0.2+7-58), built on 2024-11-29T09:34:55Z with MS VC++ 17.6 (VS2022)

END.
