#
# There is insufficient memory for the Java Runtime Environment to continue.
# Native memory allocation (mmap) failed to map 65536 bytes. Error detail: Failed to commit metaspace.
# Possible reasons:
#   The system is out of physical RAM or swap space
#   This process is running with CompressedOops enabled, and the Java Heap may be blocking the growth of the native heap
# Possible solutions:
#   Reduce memory load on the system
#   Increase physical memory or swap space
#   Check if swap backing store is full
#   Decrease Java heap size (-Xmx/-Xms)
#   Decrease number of Java threads
#   Decrease Java thread stack sizes (-Xss)
#   Set larger code cache with -XX:ReservedCodeCacheSize=
#   JVM is running with Zero Based Compressed Oops mode in which the Java heap is
#     placed in the first 32GB address space. The Java Heap base address is the
#     maximum limit for the native heap growth. Please use -XX:HeapBaseMinAddress
#     to set the Java Heap base and to place the Java Heap above 32GB virtual address.
# This output file may be truncated or incomplete.
#
#  Out of Memory Error (virtualSpaceNode.cpp:113), pid=28320, tid=26380
#
# JRE version: OpenJDK Runtime Environment (23.0.2+7) (build 23.0.2+7-58)
# Java VM: OpenJDK 64-Bit Server VM (23.0.2+7-58, mixed mode, sharing, tiered, compressed oops, compressed class ptrs, g1 gc, windows-amd64)
# No core dump will be written. Minidumps are not enabled by default on client versions of Windows
#

---------------  S U M M A R Y ------------

Command Line: -Dclassworlds.conf=C:\Program Files\Maven\apache-maven-3.9.9\bin\m2.conf -Dmaven.home=C:\Program Files\Maven\apache-maven-3.9.9 -Dlibrary.jansi.path=C:\Program Files\Maven\apache-maven-3.9.9\lib\jansi-native -Dmaven.multiModuleProjectDirectory=C:\Users\User\OneDrive\Рабочий стол\guess-the-word-app1 org.codehaus.plexus.classworlds.launcher.Launcher clean install

Host: 12th Gen Intel(R) Core(TM) i5-1240P, 16 cores, 15G,  Windows 11 , 64 bit Build 26100 (10.0.26100.3912)
Time: Tue Jun  3 03:11:15 2025  Windows 11 , 64 bit Build 26100 (10.0.26100.3912) elapsed time: 1.351048 seconds (0d 0h 0m 1s)

---------------  T H R E A D  ---------------

Current thread (0x000001ead595e090):  JavaThread "main"             [_thread_in_vm, id=26380, stack(0x00000037e9a00000,0x00000037e9b00000) (1024K)]

Stack: [0x00000037e9a00000,0x00000037e9b00000]
Native frames: (J=compiled Java code, j=interpreted, Vv=VM code, C=native code)
V  [jvm.dll+0x6e0b99]  (no source info available)
V  [jvm.dll+0x87e2b3]  (no source info available)
V  [jvm.dll+0x88073e]  (no source info available)
V  [jvm.dll+0x880e13]  (no source info available)
V  [jvm.dll+0x27b006]  (no source info available)
V  [jvm.dll+0x879ebe]  (no source info available)
V  [jvm.dll+0x6822f5]  (no source info available)
V  [jvm.dll+0x1e0aec]  (no source info available)
V  [jvm.dll+0x1e08be]  (no source info available)
V  [jvm.dll+0x684c48]  (no source info available)
V  [jvm.dll+0x221aec]  (no source info available)
V  [jvm.dll+0x682d0e]  (no source info available)
V  [jvm.dll+0x277cbd]  (no source info available)
V  [jvm.dll+0x278081]  (no source info available)
V  [jvm.dll+0x738d9f]  (no source info available)
V  [jvm.dll+0x739b8f]  (no source info available)
V  [jvm.dll+0x3c10f8]  (no source info available)
V  [jvm.dll+0x69c713]  (no source info available)
V  [jvm.dll+0x7f3274]  (no source info available)
V  [jvm.dll+0x26a516]  (no source info available)
V  [jvm.dll+0x266dc1]  (no source info available)
V  [jvm.dll+0x140a2d]  (no source info available)
V  [jvm.dll+0x140d64]  (no source info available)
V  [jvm.dll+0x7f2962]  (no source info available)
V  [jvm.dll+0x5e5466]  (no source info available)
V  [jvm.dll+0x5e52fb]  (no source info available)
V  [jvm.dll+0x3d5614]  (no source info available)
C  0x000001eae783ac50  (no source info available)

The last pc belongs to invokedynamic (printed below).
Java frames: (J=compiled Java code, j=interpreted, Vv=VM code)
j  com.google.inject.internal.BytecodeGen.<clinit>()V+25
v  ~StubRoutines::call_stub 0x000001eae7820fcd
j  com.google.inject.internal.DefaultConstructionProxyFactory.create()Lcom/google/inject/internal/ConstructionProxy;+18
j  com.google.inject.internal.ConstructorBindingImpl.<init>(Lcom/google/inject/Key;Ljava/lang/Object;Lcom/google/inject/internal/Scoping;Lcom/google/inject/spi/InjectionPoint;Ljava/util/Set;)V+29
j  com.google.inject.internal.BindingBuilder.toConstructor(Ljava/lang/reflect/Constructor;Lcom/google/inject/TypeLiteral;)Lcom/google/inject/binder/ScopedBindingBuilder;+78
j  com.google.inject.internal.BindingBuilder.toConstructor(Ljava/lang/reflect/Constructor;)Lcom/google/inject/binder/ScopedBindingBuilder;+9
j  org.eclipse.sisu.wire.LocatorWiring.bindImplicitType(Lcom/google/inject/TypeLiteral;)V+37
j  org.eclipse.sisu.wire.LocatorWiring.bindBeanImport(Lcom/google/inject/Key;)V+174
j  org.eclipse.sisu.wire.LocatorWiring.wire(Lcom/google/inject/Key;)Z+64
j  org.eclipse.sisu.wire.ElementAnalyzer.apply(Lorg/eclipse/sisu/wire/WireModule$Strategy;)V+107
j  org.eclipse.sisu.wire.WireModule.configure(Lcom/google/inject/Binder;)V+59
j  com.google.inject.spi.Elements$RecordingBinder.install(Lcom/google/inject/Module;)V+209
j  com.google.inject.spi.Elements.getElements(Lcom/google/inject/Stage;Ljava/lang/Iterable;)Ljava/util/List;+40
j  com.google.inject.internal.InjectorShell$Builder.build(Lcom/google/inject/internal/Initializer;Lcom/google/inject/internal/ProcessedBindingData;Lcom/google/inject/internal/util/ContinuousStopwatch;Lcom/google/inject/internal/Errors;)Ljava/util/List;+163
j  com.google.inject.internal.InternalInjectorCreator.build()Lcom/google/inject/Injector;+48
j  com.google.inject.Guice.createInjector(Lcom/google/inject/Stage;Ljava/lang/Iterable;)Lcom/google/inject/Injector;+15
j  com.google.inject.Guice.createInjector(Ljava/lang/Iterable;)Lcom/google/inject/Injector;+4
j  com.google.inject.Guice.createInjector([Lcom/google/inject/Module;)Lcom/google/inject/Injector;+4
j  org.codehaus.plexus.DefaultPlexusContainer.addPlexusInjector(Ljava/util/List;[Lcom/google/inject/Module;)Lcom/google/inject/Injector;+88
j  org.codehaus.plexus.DefaultPlexusContainer.<init>(Lorg/codehaus/plexus/ContainerConfiguration;[Lcom/google/inject/Module;)V+406
j  org.apache.maven.cli.MavenCli.container(Lorg/apache/maven/cli/CliRequest;)Lorg/codehaus/plexus/PlexusContainer;+279
j  org.apache.maven.cli.MavenCli.doMain(Lorg/apache/maven/cli/CliRequest;)I+34
j  org.apache.maven.cli.MavenCli.main([Ljava/lang/String;Lorg/codehaus/plexus/classworlds/ClassWorld;)I+24
j  java.lang.invoke.DirectMethodHandle$Holder.invokeStatic(Ljava/lang/Object;Ljava/lang/Object;Ljava/lang/Object;)I+11 java.base@23.0.2
j  java.lang.invoke.LambdaForm$MH+0x000001ea81009400.invoke(Ljava/lang/Object;Ljava/lang/Object;Ljava/lang/Object;Ljava/lang/Object;)Ljava/lang/Object;+54 java.base@23.0.2
j  java.lang.invoke.LambdaForm$MH+0x000001ea81009800.invokeExact_MT(Ljava/lang/Object;Ljava/lang/Object;Ljava/lang/Object;Ljava/lang/Object;Ljava/lang/Object;)Ljava/lang/Object;+22 java.base@23.0.2
j  jdk.internal.reflect.DirectMethodHandleAccessor.invokeImpl(Ljava/lang/Object;[Ljava/lang/Object;)Ljava/lang/Object;+72 java.base@23.0.2
j  jdk.internal.reflect.DirectMethodHandleAccessor.invoke(Ljava/lang/Object;[Ljava/lang/Object;)Ljava/lang/Object;+23 java.base@23.0.2
j  java.lang.reflect.Method.invoke(Ljava/lang/Object;[Ljava/lang/Object;)Ljava/lang/Object;+102 java.base@23.0.2
j  org.codehaus.plexus.classworlds.launcher.Launcher.launchEnhanced([Ljava/lang/String;)V+45
j  org.codehaus.plexus.classworlds.launcher.Launcher.launch([Ljava/lang/String;)V+2
j  org.codehaus.plexus.classworlds.launcher.Launcher.mainWithExitCode([Ljava/lang/String;)I+108
j  org.codehaus.plexus.classworlds.launcher.Launcher.main([Ljava/lang/String;)V+1
v  ~StubRoutines::call_stub 0x000001eae7820fcd
Lock stack of current Java thread (top to bottom):
LockStack[0]: [I 
{0x00000007137ae038} - klass: {type array int}
 - length: 0

invokedynamic  186 invokedynamic  [0x000001eae783aba0, 0x000001eae783ae70]  720 bytes
[MachCode]
  0x000001eae783aba0: 4883 ec08 | c5fa 1104 | 24eb 1f48 | 83ec 10c5 | fb11 0424 | eb14 4883 | ec10 4889 | 0424 48c7 
  0x000001eae783abc0: 4424 0800 | 0000 00eb | 0150 4c89 | 6dc0 418b | 5501 488b | 4dd0 488b | 4920 c1e2 | 0448 8d4c 
  0x000001eae783abe0: 1108 488b | 1948 85db | 0f85 bf00 | 0000 bbba | 0000 00e8 | 0500 0000 | e999 0000 | 0048 8bd3 
  0x000001eae783ac00: 488d 4424 | 084c 896d | c049 8bcf | c5f8 7749 | 89af b003 | 0000 4989 | 87a0 0300 | 0048 83ec 
  0x000001eae783ac20: 2040 f6c4 | 0f0f 8419 | 0000 0048 | 83ec 0848 | b850 53bc | 6cfe 7f00 | 00ff d048 | 83c4 08e9 
  0x000001eae783ac40: 0c00 0000 | 48b8 5053 | bc6c fe7f | 0000 ffd0 | 4883 c420 | 49c7 87a0 | 0300 0000 | 0000 0049 
  0x000001eae783ac60: c787 b003 | 0000 0000 | 0000 49c7 | 87a8 0300 | 0000 0000 | 00c5 f877 | 4983 7f08 | 000f 8405 
  0x000001eae783ac80: 0000 00e9 | 3862 feff | 4c8b 6dc0 | 4c8b 75c8 | 4e8d 74f5 | 00c3 418b | 5501 488b | 4dd0 488b 
  0x000001eae783aca0: 4920 c1e2 | 0448 8d4c | 1108 488b | 190f b651 | 0ff6 c202 | 0f84 2400 | 0000 0fb7 | 5108 488b 
  0x000001eae783acc0: 45e8 488b | 4008 488b | 4008 488b | 4010 488b | 4008 488b | 008b 4490 | 1048 c1e0 | 0350 0fb6 
  0x000001eae783ace0: 510e 49ba | 8045 476d | fe7f 0000 | 498b 14d2 | 524c 8b6d | d84d 85ed | 0f84 1200 | 0000 4983 
  0x000001eae783ad00: 4508 0149 | 835d 0800 | 4983 c510 | 4c89 6dd8 | 488b 55d8 | 4885 d20f | 843d 0100 | 0080 7af0 
  0x000001eae783ad20: 0a0f 8533 | 0100 0048 | 83c2 084c | 8b6a f841 | 83ed 0041 | 83fd 020f | 8c12 0100 | 004c 8b6b 
  0x000001eae783ad40: 0845 0fb7 | 6d2e 4c2b | 2a41 83ed | 014e 8b6c | ec08 4d85 | ed75 0ef6 | 4208 0175 | 58f0 4883 
  0x000001eae783ad60: 4a08 01eb | 5045 8b6d | 0849 ba00 | 0000 80ea | 0100 004d | 03ea 4d8b | d54c 336a | 0849 f7c5 
  0x000001eae783ad80: fcff ffff | 742f 41f6 | c502 7529 | 4883 7a08 | 0074 1e48 | 837a 0801 | 7417 4d8b | ea4c 336a 
  0x000001eae783ada0: 0849 f7c5 | fcff ffff | 740b 4883 | 4a08 02eb | 044c 896a | 0848 83c2 | 104c 8b6a | e841 83ed 
  0x000001eae783adc0: 0241 83fd | 020f 8c84 | 0000 004c | 8b6b 0845 | 0fb7 6d2e | 4c2b 2a41 | 83ed 014e | 8b6c ec08 
  0x000001eae783ade0: 4d85 ed75 | 0ef6 4208 | 0175 58f0 | 4883 4a08 | 01eb 5045 | 8b6d 0849 | ba00 0000 | 80ea 0100 
  0x000001eae783ae00: 004d 03ea | 4d8b d54c | 336a 0849 | f7c5 fcff | ffff 742f | 41f6 c502 | 7529 4883 | 7a08 0074 
  0x000001eae783ae20: 1e48 837a | 0801 7417 | 4d8b ea4c | 336a 0849 | f7c5 fcff | ffff 740b | 4883 4a08 | 02eb 044c 
  0x000001eae783ae40: 896a 0848 | 83c2 104c | 8b6a d841 | 83ed 0441 | c1e5 0349 | 03d5 4889 | 55d8 4c8d | 6c24 0849 
  0x000001eae783ae60: 8bcd 482b | cd48 c1f9 | 0348 894d | f0ff 6350 
[/MachCode]

---------------  P R O C E S S  ---------------

Threads class SMR info:
_java_thread_list=0x000001eac601c080, length=19, elements={
0x000001ead595e090, 0x000001eaf7b61230, 0x000001eaf7b61e90, 0x000001eaf7b677e0,
0x000001eaf7b68db0, 0x000001eaf7b719d0, 0x000001eaf7b725e0, 0x000001eaf7b755e0,
0x000001eaf7b76520, 0x000001eac508f8a0, 0x000001eac5205230, 0x000001eac520fd80,
0x000001eac53a5670, 0x000001eac57f9410, 0x000001eac5807c50, 0x000001eac5f6cc90,
0x000001eac5f6d350, 0x000001eac600aad0, 0x000001eac60088c0
}

Java Threads: ( => current thread )
=>0x000001ead595e090 JavaThread "main"                              [_thread_in_vm, id=26380, stack(0x00000037e9a00000,0x00000037e9b00000) (1024K)]
  0x000001eaf7b61230 JavaThread "Reference Handler"          daemon [_thread_blocked, id=24564, stack(0x00000037ea200000,0x00000037ea300000) (1024K)]
  0x000001eaf7b61e90 JavaThread "Finalizer"                  daemon [_thread_blocked, id=2980, stack(0x00000037ea300000,0x00000037ea400000) (1024K)]
  0x000001eaf7b677e0 JavaThread "Signal Dispatcher"          daemon [_thread_blocked, id=27032, stack(0x00000037ea400000,0x00000037ea500000) (1024K)]
  0x000001eaf7b68db0 JavaThread "Attach Listener"            daemon [_thread_blocked, id=6440, stack(0x00000037ea500000,0x00000037ea600000) (1024K)]
  0x000001eaf7b719d0 JavaThread "Service Thread"             daemon [_thread_blocked, id=1652, stack(0x00000037ea600000,0x00000037ea700000) (1024K)]
  0x000001eaf7b725e0 JavaThread "Monitor Deflation Thread"   daemon [_thread_blocked, id=3204, stack(0x00000037ea700000,0x00000037ea800000) (1024K)]
  0x000001eaf7b755e0 JavaThread "C2 CompilerThread0"         daemon [_thread_blocked, id=26752, stack(0x00000037ea800000,0x00000037ea900000) (1024K)]
  0x000001eaf7b76520 JavaThread "C1 CompilerThread0"         daemon [_thread_blocked, id=27700, stack(0x00000037ea900000,0x00000037eaa00000) (1024K)]
  0x000001eac508f8a0 JavaThread "C1 CompilerThread1"         daemon [_thread_blocked, id=25960, stack(0x00000037eaa00000,0x00000037eab00000) (1024K)]
  0x000001eac5205230 JavaThread "Notification Thread"        daemon [_thread_blocked, id=28108, stack(0x00000037eab00000,0x00000037eac00000) (1024K)]
  0x000001eac520fd80 JavaThread "Common-Cleaner"             daemon [_thread_blocked, id=9936, stack(0x00000037eac00000,0x00000037ead00000) (1024K)]
  0x000001eac53a5670 JavaThread "C2 CompilerThread1"         daemon [_thread_blocked, id=21552, stack(0x00000037ead00000,0x00000037eae00000) (1024K)]
  0x000001eac57f9410 JavaThread "C1 CompilerThread2"         daemon [_thread_blocked, id=15668, stack(0x00000037eae00000,0x00000037eaf00000) (1024K)]
  0x000001eac5807c50 JavaThread "C1 CompilerThread3"         daemon [_thread_blocked, id=11952, stack(0x00000037eaf00000,0x00000037eb000000) (1024K)]
  0x000001eac5f6cc90 JavaThread "C2 CompilerThread2"         daemon [_thread_blocked, id=9408, stack(0x00000037eb000000,0x00000037eb100000) (1024K)]
  0x000001eac5f6d350 JavaThread "C2 CompilerThread3"         daemon [_thread_blocked, id=22772, stack(0x00000037eb100000,0x00000037eb200000) (1024K)]
  0x000001eac600aad0 JavaThread "C2 CompilerThread4"         daemon [_thread_blocked, id=7320, stack(0x00000037eb200000,0x00000037eb300000) (1024K)]
  0x000001eac60088c0 JavaThread "C2 CompilerThread5"         daemon [_thread_blocked, id=7516, stack(0x00000037eb300000,0x00000037eb400000) (1024K)]
Total: 19

Other Threads:
  0x000001eaf7b47e00 VMThread "VM Thread"                           [id=24476, stack(0x00000037ea100000,0x00000037ea200000) (1024K)]
  0x000001eaf7b31980 WatcherThread "VM Periodic Task Thread"        [id=27228, stack(0x00000037ea000000,0x00000037ea100000) (1024K)]
  0x000001ead7d016c0 WorkerThread "GC Thread#0"                     [id=27976, stack(0x00000037e9b00000,0x00000037e9c00000) (1024K)]
  0x000001eac6852640 WorkerThread "GC Thread#1"                     [id=20084, stack(0x00000037eb600000,0x00000037eb700000) (1024K)]
  0x000001eac697f060 WorkerThread "GC Thread#2"                     [id=23732, stack(0x00000037eb700000,0x00000037eb800000) (1024K)]
  0x000001eac68baef0 WorkerThread "GC Thread#3"                     [id=8440, stack(0x00000037eb800000,0x00000037eb900000) (1024K)]
  0x000001eac68bb2a0 WorkerThread "GC Thread#4"                     [id=22852, stack(0x00000037eb900000,0x00000037eba00000) (1024K)]
  0x000001eac68bb650 WorkerThread "GC Thread#5"                     [id=26668, stack(0x00000037eba00000,0x00000037ebb00000) (1024K)]
  0x000001eac6c972a0 WorkerThread "GC Thread#6"                     [id=28512, stack(0x00000037ebb00000,0x00000037ebc00000) (1024K)]
  0x000001eac6e82860 WorkerThread "GC Thread#7"                     [id=24824, stack(0x00000037ebc00000,0x00000037ebd00000) (1024K)]
  0x000001eac65b5ec0 WorkerThread "GC Thread#8"                     [id=7848, stack(0x00000037ebd00000,0x00000037ebe00000) (1024K)]
  0x000001ead7d16170 ConcurrentGCThread "G1 Main Marker"            [id=15260, stack(0x00000037e9c00000,0x00000037e9d00000) (1024K)]
  0x000001ead7d16c80 WorkerThread "G1 Conc#0"                       [id=28468, stack(0x00000037e9d00000,0x00000037e9e00000) (1024K)]
  0x000001eaf79fbaa0 ConcurrentGCThread "G1 Refine#0"               [id=11416, stack(0x00000037e9e00000,0x00000037e9f00000) (1024K)]
  0x000001eaf79fd4d0 ConcurrentGCThread "G1 Service"                [id=25564, stack(0x00000037e9f00000,0x00000037ea000000) (1024K)]
Total: 15

Threads with active compile tasks:
Total: 0

VM state: not at safepoint (normal execution)

VM Mutex/Monitor currently owned by a thread:  ([mutex/lock_event])
[0x00007ffe6d462888] Metaspace_lock - owner thread: 0x000001ead595e090

Heap address: 0x0000000704800000, size: 4024 MB, Compressed Oops mode: Zero based, Oop shift amount: 3

CDS archive(s) mapped at: [0x000001ea80000000-0x000001ea80d70000-0x000001ea80d70000), size 14090240, SharedBaseAddress: 0x000001ea80000000, ArchiveRelocationMode: 1.
Compressed class space mapped at: 0x000001ea81000000-0x000001eac1000000, reserved size: 1073741824
Narrow klass base: 0x000001ea80000000, Narrow klass shift: 0, Narrow klass range: 0x41000000

GC Precious Log:
 CardTable entry size: 512
 Card Set container configuration: InlinePtr #cards 4 size 8 Array Of Cards #cards 16 size 48 Howl #buckets 8 coarsen threshold 3686 Howl Bitmap #cards 512 size 80 coarsen threshold 460 Card regions per heap region 1 cards per card region 4096
 CPUs: 16 total, 16 available
 Memory: 16088M
 Large Page Support: Disabled
 NUMA Support: Disabled
 Compressed Oops: Enabled (Zero based)
 Heap Region Size: 2M
 Heap Min Capacity: 8M
 Heap Initial Capacity: 252M
 Heap Max Capacity: 4024M
 Pre-touch: Disabled
 Parallel Workers: 13
 Concurrent Workers: 3
 Concurrent Refinement Workers: 13
 Periodic GC: Disabled

Heap:
 garbage-first heap   total reserved 4120576K, committed 258048K, used 17183K [0x0000000704800000, 0x0000000800000000)
  region size 2048K, 8 young (16384K), 1 survivors (2048K)
 Metaspace       used 10868K, committed 11072K, reserved 1114112K
  class space    used 1347K, committed 1472K, reserved 1048576K

Heap Regions: E=young(eden), S=young(survivor), O=old, HS=humongous(starts), HC=humongous(continues), CS=collection set, F=free, TAMS=top-at-mark-start, PB=parsable bottom
|   0|0x0000000704800000, 0x0000000704a00000, 0x0000000704a00000|100%| O|  |TAMS 0x0000000704800000| PB 0x0000000704800000| Untracked |  0
|   1|0x0000000704a00000, 0x0000000704b9f478, 0x0000000704c00000| 81%| O|  |TAMS 0x0000000704a00000| PB 0x0000000704a00000| Untracked |  0
|   2|0x0000000704c00000, 0x0000000704c00000, 0x0000000704e00000|  0%| F|  |TAMS 0x0000000704c00000| PB 0x0000000704c00000| Untracked |  0
|   3|0x0000000704e00000, 0x0000000704e00000, 0x0000000705000000|  0%| F|  |TAMS 0x0000000704e00000| PB 0x0000000704e00000| Untracked |  0
|   4|0x0000000705000000, 0x0000000705000000, 0x0000000705200000|  0%| F|  |TAMS 0x0000000705000000| PB 0x0000000705000000| Untracked |  0
|   5|0x0000000705200000, 0x0000000705200000, 0x0000000705400000|  0%| F|  |TAMS 0x0000000705200000| PB 0x0000000705200000| Untracked |  0
|   6|0x0000000705400000, 0x0000000705400000, 0x0000000705600000|  0%| F|  |TAMS 0x0000000705400000| PB 0x0000000705400000| Untracked |  0
|   7|0x0000000705600000, 0x0000000705600000, 0x0000000705800000|  0%| F|  |TAMS 0x0000000705600000| PB 0x0000000705600000| Untracked |  0
|   8|0x0000000705800000, 0x0000000705800000, 0x0000000705a00000|  0%| F|  |TAMS 0x0000000705800000| PB 0x0000000705800000| Untracked |  0
|   9|0x0000000705a00000, 0x0000000705a00000, 0x0000000705c00000|  0%| F|  |TAMS 0x0000000705a00000| PB 0x0000000705a00000| Untracked |  0
|  10|0x0000000705c00000, 0x0000000705c00000, 0x0000000705e00000|  0%| F|  |TAMS 0x0000000705c00000| PB 0x0000000705c00000| Untracked |  0
|  11|0x0000000705e00000, 0x0000000705e00000, 0x0000000706000000|  0%| F|  |TAMS 0x0000000705e00000| PB 0x0000000705e00000| Untracked |  0
|  12|0x0000000706000000, 0x0000000706000000, 0x0000000706200000|  0%| F|  |TAMS 0x0000000706000000| PB 0x0000000706000000| Untracked |  0
|  13|0x0000000706200000, 0x0000000706200000, 0x0000000706400000|  0%| F|  |TAMS 0x0000000706200000| PB 0x0000000706200000| Untracked |  0
|  14|0x0000000706400000, 0x0000000706400000, 0x0000000706600000|  0%| F|  |TAMS 0x0000000706400000| PB 0x0000000706400000| Untracked |  0
|  15|0x0000000706600000, 0x0000000706600000, 0x0000000706800000|  0%| F|  |TAMS 0x0000000706600000| PB 0x0000000706600000| Untracked |  0
|  16|0x0000000706800000, 0x0000000706800000, 0x0000000706a00000|  0%| F|  |TAMS 0x0000000706800000| PB 0x0000000706800000| Untracked |  0
|  17|0x0000000706a00000, 0x0000000706a00000, 0x0000000706c00000|  0%| F|  |TAMS 0x0000000706a00000| PB 0x0000000706a00000| Untracked |  0
|  18|0x0000000706c00000, 0x0000000706c00000, 0x0000000706e00000|  0%| F|  |TAMS 0x0000000706c00000| PB 0x0000000706c00000| Untracked |  0
|  19|0x0000000706e00000, 0x0000000706e00000, 0x0000000707000000|  0%| F|  |TAMS 0x0000000706e00000| PB 0x0000000706e00000| Untracked |  0
|  20|0x0000000707000000, 0x0000000707000000, 0x0000000707200000|  0%| F|  |TAMS 0x0000000707000000| PB 0x0000000707000000| Untracked |  0
|  21|0x0000000707200000, 0x0000000707200000, 0x0000000707400000|  0%| F|  |TAMS 0x0000000707200000| PB 0x0000000707200000| Untracked |  0
|  22|0x0000000707400000, 0x0000000707400000, 0x0000000707600000|  0%| F|  |TAMS 0x0000000707400000| PB 0x0000000707400000| Untracked |  0
|  23|0x0000000707600000, 0x0000000707600000, 0x0000000707800000|  0%| F|  |TAMS 0x0000000707600000| PB 0x0000000707600000| Untracked |  0
|  24|0x0000000707800000, 0x0000000707800000, 0x0000000707a00000|  0%| F|  |TAMS 0x0000000707800000| PB 0x0000000707800000| Untracked |  0
|  25|0x0000000707a00000, 0x0000000707a00000, 0x0000000707c00000|  0%| F|  |TAMS 0x0000000707a00000| PB 0x0000000707a00000| Untracked |  0
|  26|0x0000000707c00000, 0x0000000707c00000, 0x0000000707e00000|  0%| F|  |TAMS 0x0000000707c00000| PB 0x0000000707c00000| Untracked |  0
|  27|0x0000000707e00000, 0x0000000707e00000, 0x0000000708000000|  0%| F|  |TAMS 0x0000000707e00000| PB 0x0000000707e00000| Untracked |  0
|  28|0x0000000708000000, 0x0000000708000000, 0x0000000708200000|  0%| F|  |TAMS 0x0000000708000000| PB 0x0000000708000000| Untracked |  0
|  29|0x0000000708200000, 0x0000000708200000, 0x0000000708400000|  0%| F|  |TAMS 0x0000000708200000| PB 0x0000000708200000| Untracked |  0
|  30|0x0000000708400000, 0x0000000708400000, 0x0000000708600000|  0%| F|  |TAMS 0x0000000708400000| PB 0x0000000708400000| Untracked |  0
|  31|0x0000000708600000, 0x0000000708600000, 0x0000000708800000|  0%| F|  |TAMS 0x0000000708600000| PB 0x0000000708600000| Untracked |  0
|  32|0x0000000708800000, 0x0000000708800000, 0x0000000708a00000|  0%| F|  |TAMS 0x0000000708800000| PB 0x0000000708800000| Untracked |  0
|  33|0x0000000708a00000, 0x0000000708a00000, 0x0000000708c00000|  0%| F|  |TAMS 0x0000000708a00000| PB 0x0000000708a00000| Untracked |  0
|  34|0x0000000708c00000, 0x0000000708c00000, 0x0000000708e00000|  0%| F|  |TAMS 0x0000000708c00000| PB 0x0000000708c00000| Untracked |  0
|  35|0x0000000708e00000, 0x0000000708e00000, 0x0000000709000000|  0%| F|  |TAMS 0x0000000708e00000| PB 0x0000000708e00000| Untracked |  0
|  36|0x0000000709000000, 0x0000000709000000, 0x0000000709200000|  0%| F|  |TAMS 0x0000000709000000| PB 0x0000000709000000| Untracked |  0
|  37|0x0000000709200000, 0x0000000709200000, 0x0000000709400000|  0%| F|  |TAMS 0x0000000709200000| PB 0x0000000709200000| Untracked |  0
|  38|0x0000000709400000, 0x0000000709400000, 0x0000000709600000|  0%| F|  |TAMS 0x0000000709400000| PB 0x0000000709400000| Untracked |  0
|  39|0x0000000709600000, 0x0000000709600000, 0x0000000709800000|  0%| F|  |TAMS 0x0000000709600000| PB 0x0000000709600000| Untracked |  0
|  40|0x0000000709800000, 0x0000000709800000, 0x0000000709a00000|  0%| F|  |TAMS 0x0000000709800000| PB 0x0000000709800000| Untracked |  0
|  41|0x0000000709a00000, 0x0000000709a00000, 0x0000000709c00000|  0%| F|  |TAMS 0x0000000709a00000| PB 0x0000000709a00000| Untracked |  0
|  42|0x0000000709c00000, 0x0000000709c00000, 0x0000000709e00000|  0%| F|  |TAMS 0x0000000709c00000| PB 0x0000000709c00000| Untracked |  0
|  43|0x0000000709e00000, 0x0000000709e00000, 0x000000070a000000|  0%| F|  |TAMS 0x0000000709e00000| PB 0x0000000709e00000| Untracked |  0
|  44|0x000000070a000000, 0x000000070a000000, 0x000000070a200000|  0%| F|  |TAMS 0x000000070a000000| PB 0x000000070a000000| Untracked |  0
|  45|0x000000070a200000, 0x000000070a200000, 0x000000070a400000|  0%| F|  |TAMS 0x000000070a200000| PB 0x000000070a200000| Untracked |  0
|  46|0x000000070a400000, 0x000000070a400000, 0x000000070a600000|  0%| F|  |TAMS 0x000000070a400000| PB 0x000000070a400000| Untracked |  0
|  47|0x000000070a600000, 0x000000070a600000, 0x000000070a800000|  0%| F|  |TAMS 0x000000070a600000| PB 0x000000070a600000| Untracked |  0
|  48|0x000000070a800000, 0x000000070a800000, 0x000000070aa00000|  0%| F|  |TAMS 0x000000070a800000| PB 0x000000070a800000| Untracked |  0
|  49|0x000000070aa00000, 0x000000070aa00000, 0x000000070ac00000|  0%| F|  |TAMS 0x000000070aa00000| PB 0x000000070aa00000| Untracked |  0
|  50|0x000000070ac00000, 0x000000070ac00000, 0x000000070ae00000|  0%| F|  |TAMS 0x000000070ac00000| PB 0x000000070ac00000| Untracked |  0
|  51|0x000000070ae00000, 0x000000070ae00000, 0x000000070b000000|  0%| F|  |TAMS 0x000000070ae00000| PB 0x000000070ae00000| Untracked |  0
|  52|0x000000070b000000, 0x000000070b000000, 0x000000070b200000|  0%| F|  |TAMS 0x000000070b000000| PB 0x000000070b000000| Untracked |  0
|  53|0x000000070b200000, 0x000000070b200000, 0x000000070b400000|  0%| F|  |TAMS 0x000000070b200000| PB 0x000000070b200000| Untracked |  0
|  54|0x000000070b400000, 0x000000070b400000, 0x000000070b600000|  0%| F|  |TAMS 0x000000070b400000| PB 0x000000070b400000| Untracked |  0
|  55|0x000000070b600000, 0x000000070b600000, 0x000000070b800000|  0%| F|  |TAMS 0x000000070b600000| PB 0x000000070b600000| Untracked |  0
|  56|0x000000070b800000, 0x000000070b800000, 0x000000070ba00000|  0%| F|  |TAMS 0x000000070b800000| PB 0x000000070b800000| Untracked |  0
|  57|0x000000070ba00000, 0x000000070ba00000, 0x000000070bc00000|  0%| F|  |TAMS 0x000000070ba00000| PB 0x000000070ba00000| Untracked |  0
|  58|0x000000070bc00000, 0x000000070bc00000, 0x000000070be00000|  0%| F|  |TAMS 0x000000070bc00000| PB 0x000000070bc00000| Untracked |  0
|  59|0x000000070be00000, 0x000000070be00000, 0x000000070c000000|  0%| F|  |TAMS 0x000000070be00000| PB 0x000000070be00000| Untracked |  0
|  60|0x000000070c000000, 0x000000070c000000, 0x000000070c200000|  0%| F|  |TAMS 0x000000070c000000| PB 0x000000070c000000| Untracked |  0
|  61|0x000000070c200000, 0x000000070c200000, 0x000000070c400000|  0%| F|  |TAMS 0x000000070c200000| PB 0x000000070c200000| Untracked |  0
|  62|0x000000070c400000, 0x000000070c400000, 0x000000070c600000|  0%| F|  |TAMS 0x000000070c400000| PB 0x000000070c400000| Untracked |  0
|  63|0x000000070c600000, 0x000000070c600000, 0x000000070c800000|  0%| F|  |TAMS 0x000000070c600000| PB 0x000000070c600000| Untracked |  0
|  64|0x000000070c800000, 0x000000070c800000, 0x000000070ca00000|  0%| F|  |TAMS 0x000000070c800000| PB 0x000000070c800000| Untracked |  0
|  65|0x000000070ca00000, 0x000000070ca00000, 0x000000070cc00000|  0%| F|  |TAMS 0x000000070ca00000| PB 0x000000070ca00000| Untracked |  0
|  66|0x000000070cc00000, 0x000000070cc00000, 0x000000070ce00000|  0%| F|  |TAMS 0x000000070cc00000| PB 0x000000070cc00000| Untracked |  0
|  67|0x000000070ce00000, 0x000000070ce00000, 0x000000070d000000|  0%| F|  |TAMS 0x000000070ce00000| PB 0x000000070ce00000| Untracked |  0
|  68|0x000000070d000000, 0x000000070d000000, 0x000000070d200000|  0%| F|  |TAMS 0x000000070d000000| PB 0x000000070d000000| Untracked |  0
|  69|0x000000070d200000, 0x000000070d200000, 0x000000070d400000|  0%| F|  |TAMS 0x000000070d200000| PB 0x000000070d200000| Untracked |  0
|  70|0x000000070d400000, 0x000000070d400000, 0x000000070d600000|  0%| F|  |TAMS 0x000000070d400000| PB 0x000000070d400000| Untracked |  0
|  71|0x000000070d600000, 0x000000070d600000, 0x000000070d800000|  0%| F|  |TAMS 0x000000070d600000| PB 0x000000070d600000| Untracked |  0
|  72|0x000000070d800000, 0x000000070d800000, 0x000000070da00000|  0%| F|  |TAMS 0x000000070d800000| PB 0x000000070d800000| Untracked |  0
|  73|0x000000070da00000, 0x000000070da00000, 0x000000070dc00000|  0%| F|  |TAMS 0x000000070da00000| PB 0x000000070da00000| Untracked |  0
|  74|0x000000070dc00000, 0x000000070dc00000, 0x000000070de00000|  0%| F|  |TAMS 0x000000070dc00000| PB 0x000000070dc00000| Untracked |  0
|  75|0x000000070de00000, 0x000000070de00000, 0x000000070e000000|  0%| F|  |TAMS 0x000000070de00000| PB 0x000000070de00000| Untracked |  0
|  76|0x000000070e000000, 0x000000070e000000, 0x000000070e200000|  0%| F|  |TAMS 0x000000070e000000| PB 0x000000070e000000| Untracked |  0
|  77|0x000000070e200000, 0x000000070e200000, 0x000000070e400000|  0%| F|  |TAMS 0x000000070e200000| PB 0x000000070e200000| Untracked |  0
|  78|0x000000070e400000, 0x000000070e400000, 0x000000070e600000|  0%| F|  |TAMS 0x000000070e400000| PB 0x000000070e400000| Untracked |  0
|  79|0x000000070e600000, 0x000000070e600000, 0x000000070e800000|  0%| F|  |TAMS 0x000000070e600000| PB 0x000000070e600000| Untracked |  0
|  80|0x000000070e800000, 0x000000070e800000, 0x000000070ea00000|  0%| F|  |TAMS 0x000000070e800000| PB 0x000000070e800000| Untracked |  0
|  81|0x000000070ea00000, 0x000000070ea00000, 0x000000070ec00000|  0%| F|  |TAMS 0x000000070ea00000| PB 0x000000070ea00000| Untracked |  0
|  82|0x000000070ec00000, 0x000000070ec00000, 0x000000070ee00000|  0%| F|  |TAMS 0x000000070ec00000| PB 0x000000070ec00000| Untracked |  0
|  83|0x000000070ee00000, 0x000000070ee00000, 0x000000070f000000|  0%| F|  |TAMS 0x000000070ee00000| PB 0x000000070ee00000| Untracked |  0
|  84|0x000000070f000000, 0x000000070f000000, 0x000000070f200000|  0%| F|  |TAMS 0x000000070f000000| PB 0x000000070f000000| Untracked |  0
|  85|0x000000070f200000, 0x000000070f200000, 0x000000070f400000|  0%| F|  |TAMS 0x000000070f200000| PB 0x000000070f200000| Untracked |  0
|  86|0x000000070f400000, 0x000000070f400000, 0x000000070f600000|  0%| F|  |TAMS 0x000000070f400000| PB 0x000000070f400000| Untracked |  0
|  87|0x000000070f600000, 0x000000070f600000, 0x000000070f800000|  0%| F|  |TAMS 0x000000070f600000| PB 0x000000070f600000| Untracked |  0
|  88|0x000000070f800000, 0x000000070f800000, 0x000000070fa00000|  0%| F|  |TAMS 0x000000070f800000| PB 0x000000070f800000| Untracked |  0
|  89|0x000000070fa00000, 0x000000070fa00000, 0x000000070fc00000|  0%| F|  |TAMS 0x000000070fa00000| PB 0x000000070fa00000| Untracked |  0
|  90|0x000000070fc00000, 0x000000070fc00000, 0x000000070fe00000|  0%| F|  |TAMS 0x000000070fc00000| PB 0x000000070fc00000| Untracked |  0
|  91|0x000000070fe00000, 0x000000070fe00000, 0x0000000710000000|  0%| F|  |TAMS 0x000000070fe00000| PB 0x000000070fe00000| Untracked |  0
|  92|0x0000000710000000, 0x0000000710000000, 0x0000000710200000|  0%| F|  |TAMS 0x0000000710000000| PB 0x0000000710000000| Untracked |  0
|  93|0x0000000710200000, 0x0000000710200000, 0x0000000710400000|  0%| F|  |TAMS 0x0000000710200000| PB 0x0000000710200000| Untracked |  0
|  94|0x0000000710400000, 0x0000000710400000, 0x0000000710600000|  0%| F|  |TAMS 0x0000000710400000| PB 0x0000000710400000| Untracked |  0
|  95|0x0000000710600000, 0x0000000710600000, 0x0000000710800000|  0%| F|  |TAMS 0x0000000710600000| PB 0x0000000710600000| Untracked |  0
|  96|0x0000000710800000, 0x0000000710800000, 0x0000000710a00000|  0%| F|  |TAMS 0x0000000710800000| PB 0x0000000710800000| Untracked |  0
|  97|0x0000000710a00000, 0x0000000710a00000, 0x0000000710c00000|  0%| F|  |TAMS 0x0000000710a00000| PB 0x0000000710a00000| Untracked |  0
|  98|0x0000000710c00000, 0x0000000710c00000, 0x0000000710e00000|  0%| F|  |TAMS 0x0000000710c00000| PB 0x0000000710c00000| Untracked |  0
|  99|0x0000000710e00000, 0x0000000710e00000, 0x0000000711000000|  0%| F|  |TAMS 0x0000000710e00000| PB 0x0000000710e00000| Untracked |  0
| 100|0x0000000711000000, 0x0000000711000000, 0x0000000711200000|  0%| F|  |TAMS 0x0000000711000000| PB 0x0000000711000000| Untracked |  0
| 101|0x0000000711200000, 0x0000000711200000, 0x0000000711400000|  0%| F|  |TAMS 0x0000000711200000| PB 0x0000000711200000| Untracked |  0
| 102|0x0000000711400000, 0x0000000711400000, 0x0000000711600000|  0%| F|  |TAMS 0x0000000711400000| PB 0x0000000711400000| Untracked |  0
| 103|0x0000000711600000, 0x0000000711600000, 0x0000000711800000|  0%| F|  |TAMS 0x0000000711600000| PB 0x0000000711600000| Untracked |  0
| 104|0x0000000711800000, 0x0000000711800000, 0x0000000711a00000|  0%| F|  |TAMS 0x0000000711800000| PB 0x0000000711800000| Untracked |  0
| 105|0x0000000711a00000, 0x0000000711a00000, 0x0000000711c00000|  0%| F|  |TAMS 0x0000000711a00000| PB 0x0000000711a00000| Untracked |  0
| 106|0x0000000711c00000, 0x0000000711c00000, 0x0000000711e00000|  0%| F|  |TAMS 0x0000000711c00000| PB 0x0000000711c00000| Untracked |  0
| 107|0x0000000711e00000, 0x0000000711e00000, 0x0000000712000000|  0%| F|  |TAMS 0x0000000711e00000| PB 0x0000000711e00000| Untracked |  0
| 108|0x0000000712000000, 0x0000000712000000, 0x0000000712200000|  0%| F|  |TAMS 0x0000000712000000| PB 0x0000000712000000| Untracked |  0
| 109|0x0000000712200000, 0x0000000712200000, 0x0000000712400000|  0%| F|  |TAMS 0x0000000712200000| PB 0x0000000712200000| Untracked |  0
| 110|0x0000000712400000, 0x0000000712400000, 0x0000000712600000|  0%| F|  |TAMS 0x0000000712400000| PB 0x0000000712400000| Untracked |  0
| 111|0x0000000712600000, 0x0000000712600000, 0x0000000712800000|  0%| F|  |TAMS 0x0000000712600000| PB 0x0000000712600000| Untracked |  0
| 112|0x0000000712800000, 0x0000000712800000, 0x0000000712a00000|  0%| F|  |TAMS 0x0000000712800000| PB 0x0000000712800000| Untracked |  0
| 113|0x0000000712a00000, 0x0000000712a00000, 0x0000000712c00000|  0%| F|  |TAMS 0x0000000712a00000| PB 0x0000000712a00000| Untracked |  0
| 114|0x0000000712c00000, 0x0000000712d28af8, 0x0000000712e00000| 57%| S|CS|TAMS 0x0000000712c00000| PB 0x0000000712c00000| Complete |  0
| 115|0x0000000712e00000, 0x0000000712e00000, 0x0000000713000000|  0%| F|  |TAMS 0x0000000712e00000| PB 0x0000000712e00000| Untracked |  0
| 116|0x0000000713000000, 0x0000000713000000, 0x0000000713200000|  0%| F|  |TAMS 0x0000000713000000| PB 0x0000000713000000| Untracked |  0
| 117|0x0000000713200000, 0x0000000713200000, 0x0000000713400000|  0%| F|  |TAMS 0x0000000713200000| PB 0x0000000713200000| Untracked |  0
| 118|0x0000000713400000, 0x0000000713400000, 0x0000000713600000|  0%| F|  |TAMS 0x0000000713400000| PB 0x0000000713400000| Untracked |  0
| 119|0x0000000713600000, 0x00000007137d7d48, 0x0000000713800000| 92%| E|  |TAMS 0x0000000713600000| PB 0x0000000713600000| Complete |  0
| 120|0x0000000713800000, 0x0000000713a00000, 0x0000000713a00000|100%| E|CS|TAMS 0x0000000713800000| PB 0x0000000713800000| Complete |  0
| 121|0x0000000713a00000, 0x0000000713c00000, 0x0000000713c00000|100%| E|CS|TAMS 0x0000000713a00000| PB 0x0000000713a00000| Complete |  0
| 122|0x0000000713c00000, 0x0000000713e00000, 0x0000000713e00000|100%| E|CS|TAMS 0x0000000713c00000| PB 0x0000000713c00000| Complete |  0
| 123|0x0000000713e00000, 0x0000000714000000, 0x0000000714000000|100%| E|CS|TAMS 0x0000000713e00000| PB 0x0000000713e00000| Complete |  0
| 124|0x0000000714000000, 0x0000000714200000, 0x0000000714200000|100%| E|CS|TAMS 0x0000000714000000| PB 0x0000000714000000| Complete |  0
| 125|0x0000000714200000, 0x0000000714400000, 0x0000000714400000|100%| E|CS|TAMS 0x0000000714200000| PB 0x0000000714200000| Complete |  0

Card table byte_map: [0x000001eaf0430000,0x000001eaf0c10000] _byte_map_base: 0x000001eaecc0c000

Marking Bits: (CMBitMap*) 0x000001ead7d01dd0
 Bits: [0x000001eaf0c10000, 0x000001eaf4af0000)

Polling page: 0x000001ead7460000

Metaspace:

Usage:
  Non-class:      9.30 MB used.
      Class:      1.32 MB used.
       Both:     10.61 MB used.

Virtual space:
  Non-class space:       64.00 MB reserved,       9.38 MB ( 15%) committed,  1 nodes.
      Class space:        1.00 GB reserved,       1.44 MB ( <1%) committed,  1 nodes.
             Both:        1.06 GB reserved,      10.81 MB ( <1%) committed. 

Chunk freelists:
   Non-Class:  5.48 MB
       Class:  14.42 MB
        Both:  19.91 MB

MaxMetaspaceSize: unlimited
CompressedClassSpaceSize: 1.00 GB
Initial GC threshold: 21.00 MB
Current GC threshold: 21.00 MB
CDS: on
 - commit_granule_bytes: 65536.
 - commit_granule_words: 8192.
 - virtual_space_node_default_size: 8388608.
 - enlarge_chunks_in_place: 1.
 - use_allocation_guard: 0.


Internal statistics:

num_allocs_failed_limit: 0.
num_arena_births: 72.
num_arena_deaths: 0.
num_vsnodes_births: 2.
num_vsnodes_deaths: 0.
num_space_committed: 173.
num_space_uncommitted: 0.
num_chunks_returned_to_freelist: 0.
num_chunks_taken_from_freelist: 411.
num_chunk_merges: 0.
num_chunk_splits: 291.
num_chunks_enlarged: 244.
num_inconsistent_stats: 0.

CodeHeap 'non-profiled nmethods': size=119232Kb used=759Kb max_used=759Kb free=118472Kb
 bounds [0x000001eae7f60000, 0x000001eae81d0000, 0x000001eaef3d0000]
CodeHeap 'profiled nmethods': size=119104Kb used=3339Kb max_used=3339Kb free=115764Kb
 bounds [0x000001eae03d0000, 0x000001eae0720000, 0x000001eae7820000]
CodeHeap 'non-nmethods': size=7424Kb used=3069Kb max_used=3112Kb free=4354Kb
 bounds [0x000001eae7820000, 0x000001eae7b30000, 0x000001eae7f60000]
CodeCache: size=245760Kb, used=7167Kb, max_used=7210Kb, free=238590Kb
 total_blobs=2764, nmethods=2277, adapters=389, full_count=0
Compilation: enabled, stopped_count=0, restarted_count=0

Compilation events (20 events):
Event: 1.335 Thread 0x000001eac57f9410 nmethod 2268 0x000001eae070fc88 code [0x000001eae070fdc0, 0x000001eae070ffd8]
Event: 1.335 Thread 0x000001eac600aad0 2269       4       java.util.stream.Nodes$FixedNodeBuilder::accept (61 bytes)
Event: 1.336 Thread 0x000001eac508f8a0 2270   !   3       com.google.inject.internal.BindingBuilder::toProvider (69 bytes)
Event: 1.337 Thread 0x000001eac600aad0 nmethod 2269 0x000001eae801be88 code [0x000001eae801bfa0, 0x000001eae801c198]
Event: 1.337 Thread 0x000001eac508f8a0 nmethod 2270 0x000001eae0710008 code [0x000001eae0710240, 0x000001eae0711530]
Event: 1.337 Thread 0x000001eac60088c0 2271       4       jdk.internal.classfile.impl.AbstractPoolEntry::width (23 bytes)
Event: 1.337 Thread 0x000001eac5f6cc90 2272       4       java.lang.invoke.DirectMethodHandle$Holder::newInvokeSpecial (21 bytes)
Event: 1.337 Thread 0x000001eac5807c50 2273       3       java.lang.classfile.CodeBuilder::invokevirtual (11 bytes)
Event: 1.337 Thread 0x000001eac60088c0 nmethod 2271 0x000001eae801c208 code [0x000001eae801c300, 0x000001eae801c3b8]
Event: 1.338 Thread 0x000001eac60088c0 2274       4       jdk.internal.classfile.impl.SplitConstantPool::entryByIndex (103 bytes)
Event: 1.338 Thread 0x000001eac5807c50 nmethod 2273 0x000001eae0711608 code [0x000001eae07117a0, 0x000001eae0711f80]
Event: 1.339 Thread 0x000001eac60088c0 nmethod 2274 0x000001eae801c508 code [0x000001eae801c620, 0x000001eae801c780]
Event: 1.339 Thread 0x000001eac5807c50 2275       1       java.lang.StackTraceElement::getClassName (5 bytes)
Event: 1.340 Thread 0x000001eac5807c50 nmethod 2275 0x000001eae801c808 code [0x000001eae801c920, 0x000001eae801c9f0]
Event: 1.340 Thread 0x000001eaf7b755e0 2276       4       java.util.stream.Nodes$FixedNodeBuilder::accept (61 bytes)
Event: 1.340 Thread 0x000001eac5f6cc90 nmethod 2272 0x000001eae801cb08 code [0x000001eae801cc20, 0x000001eae801ce80]
Event: 1.340 Thread 0x000001eaf7b76520 2277       3       com.google.common.collect.ImmutableList::copyOf (50 bytes)
Event: 1.341 Thread 0x000001eac5f6d350 nmethod 2267 0x000001eae801cf08 code [0x000001eae801d060, 0x000001eae801d918]
Event: 1.341 Thread 0x000001eaf7b76520 nmethod 2277 0x000001eae0712008 code [0x000001eae0712200, 0x000001eae0712ce8]
Event: 1.343 Thread 0x000001eaf7b755e0 nmethod 2276 0x000001eae801d988 code [0x000001eae801daa0, 0x000001eae801dd78]

GC Heap History (4 events):
Event: 0.639 GC heap before
{Heap before GC invocations=0 (full 0):
 garbage-first heap   total reserved 4120576K, committed 258048K, used 24576K [0x0000000704800000, 0x0000000800000000)
  region size 2048K, 12 young (24576K), 0 survivors (0K)
 Metaspace       used 5922K, committed 6144K, reserved 1114112K
  class space    used 723K, committed 832K, reserved 1048576K
}
Event: 0.644 GC heap after
{Heap after GC invocations=1 (full 0):
 garbage-first heap   total reserved 4120576K, committed 258048K, used 4013K [0x0000000704800000, 0x0000000800000000)
  region size 2048K, 2 young (4096K), 2 survivors (4096K)
 Metaspace       used 5922K, committed 6144K, reserved 1114112K
  class space    used 723K, committed 832K, reserved 1048576K
}
Event: 1.066 GC heap before
{Heap before GC invocations=1 (full 0):
 garbage-first heap   total reserved 4120576K, committed 258048K, used 26541K [0x0000000704800000, 0x0000000800000000)
  region size 2048K, 13 young (26624K), 2 survivors (4096K)
 Metaspace       used 8287K, committed 8512K, reserved 1114112K
  class space    used 990K, committed 1088K, reserved 1048576K
}
Event: 1.070 GC heap after
{Heap after GC invocations=2 (full 0):
 garbage-first heap   total reserved 4120576K, committed 258048K, used 4895K [0x0000000704800000, 0x0000000800000000)
  region size 2048K, 1 young (2048K), 1 survivors (2048K)
 Metaspace       used 8287K, committed 8512K, reserved 1114112K
  class space    used 990K, committed 1088K, reserved 1048576K
}

Dll operation events (8 events):
Event: 0.015 Loaded shared library C:\Users\User\scoop\apps\openjdk\current\bin\java.dll
Event: 0.057 Loaded shared library C:\Users\User\scoop\apps\openjdk\current\bin\jsvml.dll
Event: 0.071 Loaded shared library C:\Users\User\scoop\apps\openjdk\current\bin\net.dll
Event: 0.075 Loaded shared library C:\Users\User\scoop\apps\openjdk\current\bin\nio.dll
Event: 0.080 Loaded shared library C:\Users\User\scoop\apps\openjdk\current\bin\zip.dll
Event: 0.198 Loaded shared library C:\Users\User\scoop\apps\openjdk\current\bin\jimage.dll
Event: 0.199 Loaded shared library C:\Program Files\Maven\apache-maven-3.9.9\lib\jansi-native\Windows\x86_64\jansi.dll
Event: 0.212 Loaded shared library C:\Users\User\scoop\apps\openjdk\current\bin\verify.dll

Deoptimization events (20 events):
Event: 1.265 Thread 0x000001ead595e090 Uncommon trap: trap_request=0xffffffc6 fr.pc=0x000001eae8011f8c relative=0x00000000000002cc
Event: 1.265 Thread 0x000001ead595e090 Uncommon trap: reason=bimorphic_or_optimized_type_check action=maybe_recompile pc=0x000001eae8011f8c method=java.util.HashMap.getNode(Ljava/lang/Object;)Ljava/util/HashMap$Node; @ 128 c2
Event: 1.265 Thread 0x000001ead595e090 DEOPT PACKING pc=0x000001eae8011f8c sp=0x00000037e9afe890
Event: 1.265 Thread 0x000001ead595e090 DEOPT UNPACKING pc=0x000001eae7874402 sp=0x00000037e9afe798 mode 2
Event: 1.338 Thread 0x000001ead595e090 Uncommon trap: trap_request=0xffffffd6 fr.pc=0x000001eae801c108 relative=0x0000000000000168
Event: 1.339 Thread 0x000001ead595e090 Uncommon trap: reason=array_check action=maybe_recompile pc=0x000001eae801c108 method=java.util.stream.Nodes$FixedNodeBuilder.accept(Ljava/lang/Object;)V @ 28 c2
Event: 1.339 Thread 0x000001ead595e090 DEOPT PACKING pc=0x000001eae801c108 sp=0x00000037e9afe3d0
Event: 1.339 Thread 0x000001ead595e090 DEOPT UNPACKING pc=0x000001eae7874402 sp=0x00000037e9afe370 mode 2
Event: 1.339 Thread 0x000001ead595e090 Uncommon trap: trap_request=0xffffffd6 fr.pc=0x000001eae801c108 relative=0x0000000000000168
Event: 1.339 Thread 0x000001ead595e090 Uncommon trap: reason=array_check action=maybe_recompile pc=0x000001eae801c108 method=java.util.stream.Nodes$FixedNodeBuilder.accept(Ljava/lang/Object;)V @ 28 c2
Event: 1.339 Thread 0x000001ead595e090 DEOPT PACKING pc=0x000001eae801c108 sp=0x00000037e9afe3d0
Event: 1.339 Thread 0x000001ead595e090 DEOPT UNPACKING pc=0x000001eae7874402 sp=0x00000037e9afe370 mode 2
Event: 1.339 Thread 0x000001ead595e090 Uncommon trap: trap_request=0xffffffd6 fr.pc=0x000001eae801c108 relative=0x0000000000000168
Event: 1.339 Thread 0x000001ead595e090 Uncommon trap: reason=array_check action=maybe_recompile pc=0x000001eae801c108 method=java.util.stream.Nodes$FixedNodeBuilder.accept(Ljava/lang/Object;)V @ 28 c2
Event: 1.339 Thread 0x000001ead595e090 DEOPT PACKING pc=0x000001eae801c108 sp=0x00000037e9afe3d0
Event: 1.339 Thread 0x000001ead595e090 DEOPT UNPACKING pc=0x000001eae7874402 sp=0x00000037e9afe370 mode 2
Event: 1.339 Thread 0x000001ead595e090 Uncommon trap: trap_request=0xffffffd6 fr.pc=0x000001eae801c108 relative=0x0000000000000168
Event: 1.339 Thread 0x000001ead595e090 Uncommon trap: reason=array_check action=maybe_recompile pc=0x000001eae801c108 method=java.util.stream.Nodes$FixedNodeBuilder.accept(Ljava/lang/Object;)V @ 28 c2
Event: 1.339 Thread 0x000001ead595e090 DEOPT PACKING pc=0x000001eae801c108 sp=0x00000037e9afe3d0
Event: 1.339 Thread 0x000001ead595e090 DEOPT UNPACKING pc=0x000001eae7874402 sp=0x00000037e9afe370 mode 2

Classes loaded (20 events):
Event: 1.217 Loading class sun/reflect/generics/scope/ConstructorScope
Event: 1.217 Loading class sun/reflect/generics/scope/ConstructorScope done
Event: 1.217 Loading class sun/reflect/generics/repository/ConstructorRepository
Event: 1.217 Loading class sun/reflect/generics/repository/ConstructorRepository done
Event: 1.217 Loading class sun/reflect/generics/tree/VoidDescriptor
Event: 1.217 Loading class sun/reflect/generics/tree/VoidDescriptor done
Event: 1.217 Loading class sun/reflect/generics/tree/MethodTypeSignature
Event: 1.217 Loading class sun/reflect/generics/tree/MethodTypeSignature done
Event: 1.288 Loading class sun/reflect/generics/repository/FieldRepository
Event: 1.288 Loading class sun/reflect/generics/repository/FieldRepository done
Event: 1.296 Loading class java/io/UncheckedIOException
Event: 1.296 Loading class java/io/UncheckedIOException done
Event: 1.301 Loading class java/util/concurrent/atomic/AtomicBoolean
Event: 1.301 Loading class java/util/concurrent/atomic/AtomicBoolean done
Event: 1.303 Loading class java/nio/channels/OverlappingFileLockException
Event: 1.303 Loading class java/nio/channels/OverlappingFileLockException done
Event: 1.304 Loading class java/nio/channels/FileLock
Event: 1.304 Loading class java/nio/channels/FileLock done
Event: 1.319 Loading class java/nio/file/AccessDeniedException
Event: 1.319 Loading class java/nio/file/AccessDeniedException done

Classes unloaded (0 events):
No events

Classes redefined (0 events):
No events

Internal exceptions (20 events):
Event: 0.206 Thread 0x000001ead595e090 Exception <a 'java/lang/NullPointerException'{0x0000000713ff1b00}> (0x0000000713ff1b00) 
thrown [s\open\src\hotspot\share\interpreter\linkResolver.cpp, line 1389]
Event: 0.206 Thread 0x000001ead595e090 Exception <a 'java/lang/NullPointerException'{0x0000000713ff1de0}> (0x0000000713ff1de0) 
thrown [s\open\src\hotspot\share\interpreter\linkResolver.cpp, line 1389]
Event: 0.206 Thread 0x000001ead595e090 Exception <a 'java/lang/NullPointerException'{0x0000000713ff20c0}> (0x0000000713ff20c0) 
thrown [s\open\src\hotspot\share\interpreter\linkResolver.cpp, line 1389]
Event: 0.206 Thread 0x000001ead595e090 Exception <a 'java/lang/NullPointerException'{0x0000000713ff23a0}> (0x0000000713ff23a0) 
thrown [s\open\src\hotspot\share\interpreter\linkResolver.cpp, line 1389]
Event: 0.211 Thread 0x000001ead595e090 Exception <a 'sun/nio/fs/WindowsException'{0x0000000713c97680}> (0x0000000713c97680) 
thrown [s\open\src\hotspot\share\prims\jni.cpp, line 520]
Event: 0.211 Thread 0x000001ead595e090 Exception <a 'sun/nio/fs/WindowsException'{0x0000000713c97ec8}> (0x0000000713c97ec8) 
thrown [s\open\src\hotspot\share\prims\jni.cpp, line 520]
Event: 0.211 Thread 0x000001ead595e090 Exception <a 'sun/nio/fs/WindowsException'{0x0000000713c98440}> (0x0000000713c98440) 
thrown [s\open\src\hotspot\share\prims\jni.cpp, line 520]
Event: 0.211 Thread 0x000001ead595e090 Exception <a 'sun/nio/fs/WindowsException'{0x0000000713c98998}> (0x0000000713c98998) 
thrown [s\open\src\hotspot\share\prims\jni.cpp, line 520]
Event: 0.211 Thread 0x000001ead595e090 Exception <a 'sun/nio/fs/WindowsException'{0x0000000713c98ea0}> (0x0000000713c98ea0) 
thrown [s\open\src\hotspot\share\prims\jni.cpp, line 520]
Event: 0.211 Thread 0x000001ead595e090 Exception <a 'sun/nio/fs/WindowsException'{0x0000000713c99360}> (0x0000000713c99360) 
thrown [s\open\src\hotspot\share\prims\jni.cpp, line 520]
Event: 0.221 Thread 0x000001ead595e090 Exception <a 'java/lang/NoSuchMethodError'{0x0000000713ce5808}: 'void java.lang.invoke.DirectMethodHandle$Holder.invokeStatic(java.lang.Object, java.lang.Object)'> (0x0000000713ce5808) 
thrown [s\open\src\hotspot\share\interpreter\linkResolver.cpp, line 796]
Event: 0.222 Thread 0x000001ead595e090 Exception <a 'java/lang/NoSuchMethodError'{0x0000000713ce8c20}: 'void java.lang.invoke.DirectMethodHandle$Holder.invokeStaticInit(java.lang.Object, java.lang.Object)'> (0x0000000713ce8c20) 
thrown [s\open\src\hotspot\share\interpreter\linkResolver.cpp, line 796]
Event: 0.281 Thread 0x000001ead595e090 Exception <a 'java/lang/NoSuchMethodError'{0x0000000713a8c310}: 'java.lang.Object java.lang.invoke.DirectMethodHandle$Holder.invokeSpecialIFC(java.lang.Object, java.lang.Object, java.lang.Object, java.lang.Object)'> (0x0000000713a8c310) 
thrown [s\open\src\hotspot\share\interpreter\linkResolver.cpp, line 796]
Event: 0.418 Thread 0x000001ead595e090 Exception <a 'java/lang/NoSuchMethodError'{0x0000000713522ca0}: 'void java.lang.invoke.DirectMethodHandle$Holder.invokeSpecial(java.lang.Object, java.lang.Object, java.lang.Object)'> (0x0000000713522ca0) 
thrown [s\open\src\hotspot\share\interpreter\linkResolver.cpp, line 796]
Event: 0.448 Thread 0x000001ead595e090 Exception <a 'java/lang/NoSuchMethodError'{0x000000071326c8d0}: 'java.lang.Object java.lang.invoke.DirectMethodHandle$Holder.invokeInterface(java.lang.Object, java.lang.Object)'> (0x000000071326c8d0) 
thrown [s\open\src\hotspot\share\interpreter\linkResolver.cpp, line 796]
Event: 0.462 Thread 0x000001ead595e090 Exception <a 'java/lang/NoSuchMethodError'{0x0000000713304f58}: 'int java.lang.invoke.DirectMethodHandle$Holder.invokeStatic(java.lang.Object, java.lang.Object, java.lang.Object, java.lang.Object)'> (0x0000000713304f58) 
thrown [s\open\src\hotspot\share\interpreter\linkResolver.cpp, line 796]
Event: 0.465 Thread 0x000001ead595e090 Exception <a 'java/lang/NoSuchMethodError'{0x00000007133138a8}: 'int java.lang.invoke.DirectMethodHandle$Holder.invokeSpecialIFC(java.lang.Object, java.lang.Object, java.lang.Object, java.lang.Object, java.lang.Object)'> (0x00000007133138a8) 
thrown [s\open\src\hotspot\share\interpreter\linkResolver.cpp, line 796]
Event: 0.519 Thread 0x000001ead595e090 Exception <a 'java/lang/NoSuchMethodError'{0x00000007130a5020}: 'void java.lang.invoke.DirectMethodHandle$Holder.invokeStatic(java.lang.Object, int, java.lang.Object)'> (0x00000007130a5020) 
thrown [s\open\src\hotspot\share\interpreter\linkResolver.cpp, line 796]
Event: 0.571 Thread 0x000001ead595e090 Exception <a 'java/lang/NoSuchMethodError'{0x0000000712e0fb48}: 'int java.lang.invoke.DirectMethodHandle$Holder.invokeStaticInit(java.lang.Object, java.lang.Object)'> (0x0000000712e0fb48) 
thrown [s\open\src\hotspot\share\interpreter\linkResolver.cpp, line 796]
Event: 0.578 Thread 0x000001ead595e090 Exception <a 'java/lang/NoClassDefFoundError'{0x0000000712e44ff0}: javax/enterprise/inject/Typed> (0x0000000712e44ff0) 
thrown [s\open\src\hotspot\share\classfile\systemDictionary.cpp, line 302]

VM Operations (14 events):
Event: 0.082 Executing VM operation: HandshakeAllThreads (Deoptimize)
Event: 0.082 Executing VM operation: HandshakeAllThreads (Deoptimize) done
Event: 0.193 Executing VM operation: HandshakeAllThreads (Deoptimize)
Event: 0.193 Executing VM operation: HandshakeAllThreads (Deoptimize) done
Event: 0.201 Executing VM operation: HandshakeAllThreads (Deoptimize)
Event: 0.201 Executing VM operation: HandshakeAllThreads (Deoptimize) done
Event: 0.639 Executing VM operation: G1CollectForAllocation (G1 Evacuation Pause)
Event: 0.644 Executing VM operation: G1CollectForAllocation (G1 Evacuation Pause) done
Event: 1.036 Executing VM operation: HandshakeAllThreads (Deoptimize)
Event: 1.036 Executing VM operation: HandshakeAllThreads (Deoptimize) done
Event: 1.066 Executing VM operation: G1CollectForAllocation (G1 Evacuation Pause)
Event: 1.070 Executing VM operation: G1CollectForAllocation (G1 Evacuation Pause) done
Event: 1.120 Executing VM operation: HandshakeAllThreads (Deoptimize)
Event: 1.120 Executing VM operation: HandshakeAllThreads (Deoptimize) done

Memory protections (0 events):
No events

Nmethod flushes (0 events):
No events

Events (20 events):
Event: 0.054 Thread 0x000001ead595e090 Thread added: 0x000001eaf7b719d0
Event: 0.054 Thread 0x000001ead595e090 Thread added: 0x000001eaf7b725e0
Event: 0.054 Thread 0x000001ead595e090 Thread added: 0x000001eaf7b755e0
Event: 0.054 Thread 0x000001ead595e090 Thread added: 0x000001eaf7b76520
Event: 0.056 Thread 0x000001eaf7b76520 Thread added: 0x000001eac508f8a0
Event: 0.065 Thread 0x000001ead595e090 Thread added: 0x000001eac5205230
Event: 0.066 Thread 0x000001ead595e090 Thread added: 0x000001eac520fd80
Event: 0.153 Thread 0x000001eaf7b76520 Thread added: 0x000001eac53a5670
Event: 0.197 Thread 0x000001ead595e090 Thread added: 0x000001eac566abe0
Event: 0.209 Thread 0x000001eac566abe0 Thread exited: 0x000001eac566abe0
Event: 0.303 Thread 0x000001eac508f8a0 Thread added: 0x000001eac57f9410
Event: 0.303 Thread 0x000001eac57f9410 Thread added: 0x000001eac5807c50
Event: 0.588 Thread 0x000001eac57f9410 Thread added: 0x000001eac5f6cc90
Event: 0.588 Thread 0x000001eaf7b755e0 Thread added: 0x000001eac5f6d350
Event: 0.605 Thread 0x000001eac508f8a0 Thread added: 0x000001eac600aad0
Event: 0.620 Thread 0x000001eaf7b76520 Thread added: 0x000001eac60088c0
Event: 0.620 Thread 0x000001eaf7b76520 Thread added: 0x000001eac6009660
Event: 0.620 Thread 0x000001eaf7b76520 Thread added: 0x000001eac600a400
Event: 1.155 Thread 0x000001eac600a400 Thread exited: 0x000001eac600a400
Event: 1.160 Thread 0x000001eac6009660 Thread exited: 0x000001eac6009660


Dynamic libraries:
0x00007ff708b60000 - 0x00007ff708b6e000 	C:\Users\User\scoop\apps\openjdk\current\bin\java.exe
0x00007fff6adc0000 - 0x00007fff6b026000 	C:\WINDOWS\SYSTEM32\ntdll.dll
0x00007fff68de0000 - 0x00007fff68ea9000 	C:\WINDOWS\System32\KERNEL32.DLL
0x00007fff680a0000 - 0x00007fff6846c000 	C:\WINDOWS\System32\KERNELBASE.dll
0x00007fff686c0000 - 0x00007fff6880b000 	C:\WINDOWS\System32\ucrtbase.dll
0x00007fff33f40000 - 0x00007fff33f57000 	C:\Users\User\scoop\apps\openjdk\current\bin\jli.dll
0x00007fff33860000 - 0x00007fff3387b000 	C:\Users\User\scoop\apps\openjdk\current\bin\VCRUNTIME140.dll
0x00007fff69570000 - 0x00007fff6973a000 	C:\WINDOWS\System32\USER32.dll
0x00007fff48ec0000 - 0x00007fff4915a000 	C:\WINDOWS\WinSxS\amd64_microsoft.windows.common-controls_6595b64144ccf1df_6.0.26100.3912_none_3e07963ce335137e\COMCTL32.dll
0x00007fff68690000 - 0x00007fff686b7000 	C:\WINDOWS\System32\win32u.dll
0x00007fff6a740000 - 0x00007fff6a7e9000 	C:\WINDOWS\System32\msvcrt.dll
0x00007fff6a620000 - 0x00007fff6a64b000 	C:\WINDOWS\System32\GDI32.dll
0x00007fff688c0000 - 0x00007fff689f2000 	C:\WINDOWS\System32\gdi32full.dll
0x00007fff68810000 - 0x00007fff688b3000 	C:\WINDOWS\System32\msvcp_win.dll
0x00007fff68ca0000 - 0x00007fff68cd0000 	C:\WINDOWS\System32\IMM32.DLL
0x00007fff61370000 - 0x00007fff6137c000 	C:\Users\User\scoop\apps\openjdk\current\bin\vcruntime140_1.dll
0x00007ffe88ac0000 - 0x00007ffe88b4e000 	C:\Users\User\scoop\apps\openjdk\current\bin\msvcp140.dll
0x00007ffe6c7f0000 - 0x00007ffe6d540000 	C:\Users\User\scoop\apps\openjdk\current\bin\server\jvm.dll
0x00007fff694b0000 - 0x00007fff69562000 	C:\WINDOWS\System32\ADVAPI32.dll
0x00007fff690a0000 - 0x00007fff69146000 	C:\WINDOWS\System32\sechost.dll
0x00007fff68b80000 - 0x00007fff68c96000 	C:\WINDOWS\System32\RPCRT4.dll
0x00007fff68eb0000 - 0x00007fff68f24000 	C:\WINDOWS\System32\WS2_32.dll
0x00007fff67770000 - 0x00007fff677ce000 	C:\WINDOWS\SYSTEM32\POWRPROF.dll
0x00007fff56590000 - 0x00007fff5659b000 	C:\WINDOWS\SYSTEM32\VERSION.dll
0x00007fff51de0000 - 0x00007fff51e16000 	C:\WINDOWS\SYSTEM32\WINMM.dll
0x00007fff67750000 - 0x00007fff67764000 	C:\WINDOWS\SYSTEM32\UMPDC.dll
0x00007fff66cd0000 - 0x00007fff66cea000 	C:\WINDOWS\SYSTEM32\kernel.appcore.dll
0x00007fff37f80000 - 0x00007fff37f8a000 	C:\Users\User\scoop\apps\openjdk\current\bin\jimage.dll
0x00007fff655e0000 - 0x00007fff65821000 	C:\WINDOWS\SYSTEM32\DBGHELP.DLL
0x00007fff6a290000 - 0x00007fff6a614000 	C:\WINDOWS\System32\combase.dll
0x00007fff6a650000 - 0x00007fff6a730000 	C:\WINDOWS\System32\OLEAUT32.dll
0x00007fff365e0000 - 0x00007fff36619000 	C:\WINDOWS\SYSTEM32\dbgcore.DLL
0x00007fff685f0000 - 0x00007fff68689000 	C:\WINDOWS\System32\bcryptPrimitives.dll
0x00007fff15b90000 - 0x00007fff15bae000 	C:\Users\User\scoop\apps\openjdk\current\bin\java.dll
0x00007fff69f90000 - 0x00007fff6a12f000 	C:\WINDOWS\System32\ole32.dll
0x00007fff69860000 - 0x00007fff69f8d000 	C:\WINDOWS\System32\SHELL32.dll
0x00007fff68470000 - 0x00007fff685e4000 	C:\WINDOWS\System32\wintypes.dll
0x00007fff65b80000 - 0x00007fff663d6000 	C:\WINDOWS\SYSTEM32\windows.storage.dll
0x00007fff6a190000 - 0x00007fff6a27f000 	C:\WINDOWS\System32\SHCORE.dll
0x00007fff697f0000 - 0x00007fff69859000 	C:\WINDOWS\System32\shlwapi.dll
0x00007fff67e60000 - 0x00007fff67e8f000 	C:\WINDOWS\SYSTEM32\profapi.dll
0x00007ffe84890000 - 0x00007ffe84967000 	C:\Users\User\scoop\apps\openjdk\current\bin\jsvml.dll
0x00007fff37e90000 - 0x00007fff37ea0000 	C:\Users\User\scoop\apps\openjdk\current\bin\net.dll
0x00007fff67220000 - 0x00007fff6728a000 	C:\WINDOWS\system32\mswsock.dll
0x00007fff14650000 - 0x00007fff14666000 	C:\Users\User\scoop\apps\openjdk\current\bin\nio.dll
0x00007fff08f90000 - 0x00007fff08fa7000 	C:\Users\User\scoop\apps\openjdk\current\bin\zip.dll
0x00007ffeff040000 - 0x00007ffeff064000 	C:\Program Files\Maven\apache-maven-3.9.9\lib\jansi-native\Windows\x86_64\jansi.dll
0x00007fff37580000 - 0x00007fff37590000 	C:\Users\User\scoop\apps\openjdk\current\bin\verify.dll

dbghelp: loaded successfully - version: 4.0.5 - missing functions: none
symbol engine: initialized successfully - sym options: 0x614 - pdb path: .;C:\Users\User\scoop\apps\openjdk\current\bin;C:\WINDOWS\SYSTEM32;C:\WINDOWS\WinSxS\amd64_microsoft.windows.common-controls_6595b64144ccf1df_6.0.26100.3912_none_3e07963ce335137e;C:\Users\User\scoop\apps\openjdk\current\bin\server;C:\Program Files\Maven\apache-maven-3.9.9\lib\jansi-native\Windows\x86_64

VM Arguments:
jvm_args: -Dclassworlds.conf=C:\Program Files\Maven\apache-maven-3.9.9\bin\m2.conf -Dmaven.home=C:\Program Files\Maven\apache-maven-3.9.9 -Dlibrary.jansi.path=C:\Program Files\Maven\apache-maven-3.9.9\lib\jansi-native -Dmaven.multiModuleProjectDirectory=C:\Users\User\OneDrive\Рабочий стол\guess-the-word-app1 
java_command: org.codehaus.plexus.classworlds.launcher.Launcher clean install
java_class_path (initial): C:\Program Files\Maven\apache-maven-3.9.9\boot\plexus-classworlds-2.8.0.jar
Launcher Type: SUN_STANDARD

[Global flags]
     intx CICompilerCount                          = 12                                        {product} {ergonomic}
     uint ConcGCThreads                            = 3                                         {product} {ergonomic}
     uint G1ConcRefinementThreads                  = 13                                        {product} {ergonomic}
   size_t G1HeapRegionSize                         = 2097152                                   {product} {ergonomic}
   size_t InitialHeapSize                          = 264241152                                 {product} {ergonomic}
   size_t MarkStackSize                            = 4194304                                   {product} {ergonomic}
   size_t MarkStackSizeMax                         = 536870912                                 {product} {ergonomic}
   size_t MaxHeapSize                              = 4219469824                                {product} {ergonomic}
   size_t MaxNewSize                               = 2531262464                                {product} {ergonomic}
   size_t MinHeapDeltaBytes                        = 2097152                                   {product} {ergonomic}
   size_t MinHeapSize                              = 8388608                                   {product} {ergonomic}
    uintx NonNMethodCodeHeapSize                   = 7602176                                {pd product} {ergonomic}
    uintx NonProfiledCodeHeapSize                  = 122093568                              {pd product} {ergonomic}
    uintx ProfiledCodeHeapSize                     = 121962496                              {pd product} {ergonomic}
    uintx ReservedCodeCacheSize                    = 251658240                              {pd product} {ergonomic}
     bool SegmentedCodeCache                       = true                                      {product} {ergonomic}
   size_t SoftMaxHeapSize                          = 4219469824                             {manageable} {ergonomic}
     bool UseCompressedOops                        = true                           {product lp64_product} {ergonomic}
     bool UseG1GC                                  = true                                      {product} {ergonomic}
     bool UseLargePagesIndividualAllocation        = false                                  {pd product} {ergonomic}

Logging:
Log output configuration:
 #0: stdout all=warning uptime,level,tags foldmultilines=false
 #1: stderr all=off uptime,level,tags foldmultilines=false

Environment Variables:
JAVA_HOME=C:\Users\User\scoop\apps\openjdk\current
PATH=C:\Python313\Scripts\;C:\Python313\;C:\Program Files\Common Files\Oracle\Java\javapath;C:\Program Files (x86)\Common Files\Oracle\Java\javapath;C:\WINDOWS\system32;C:\WINDOWS;C:\WINDOWS\System32\Wbem;C:\WINDOWS\System32\WindowsPowerShell\v1.0\;C:\WINDOWS\System32\OpenSSH\;C:\Program Files\dotnet\;C:\Program Files\Git\cmd;C:\Program Files\Maven\apache-maven-3.9.9\bin;C:\ProgramData\chocolatey\bin;C:\Program Files\nodejs\;C:\Program Files\NVIDIA Corporation\NVIDIA App\NvDLISR;C:\Program Files (x86)\NVIDIA Corporation\PhysX\Common;C:\Users\User\scoop\apps\openjdk\current\bin;C:\Users\User\scoop\shims;C:\Users\User\AppData\Local\Microsoft\WindowsApps;C:\Users\User\.dotnet\tools;C:\Program Files\JetBrains\IntelliJ IDEA 2024.2.3\bin;;C:\Users\User\AppData\Local\Programs\Microsoft VS Code\bin;C:\Users\User\AppData\Roaming\npm
USERNAME=User
OS=Windows_NT
PROCESSOR_IDENTIFIER=Intel64 Family 6 Model 154 Stepping 3, GenuineIntel
TMP=C:\Users\User\AppData\Local\Temp
TEMP=C:\Users\User\AppData\Local\Temp




Periodic native trim disabled

---------------  S Y S T E M  ---------------

OS:
 Windows 11 , 64 bit Build 26100 (10.0.26100.3912)
OS uptime: 0 days 15:43 hours
Hyper-V role detected

CPU: total 16 (initial active 16) (8 cores per cpu, 2 threads per core) family 6 model 154 stepping 3 microcode 0x419, cx8, cmov, fxsr, ht, mmx, 3dnowpref, sse, sse2, sse3, ssse3, sse4.1, sse4.2, popcnt, lzcnt, tsc, tscinvbit, avx, avx2, aes, erms, clmul, bmi1, bmi2, adx, sha, fma, vzeroupper, clflush, clflushopt, clwb, hv, serialize, rdtscp, rdpid, fsrm, gfni, f16c, cet_ibt, cet_ss
Processor Information for processor 0
  Max Mhz: 1700, Current Mhz: 1700, Mhz Limit: 1700
Processor Information for processor 1
  Max Mhz: 1700, Current Mhz: 1700, Mhz Limit: 1700
Processor Information for processor 2
  Max Mhz: 1700, Current Mhz: 1700, Mhz Limit: 1700
Processor Information for processor 3
  Max Mhz: 1700, Current Mhz: 1700, Mhz Limit: 1700
Processor Information for processor 4
  Max Mhz: 1700, Current Mhz: 1700, Mhz Limit: 1700
Processor Information for processor 5
  Max Mhz: 1700, Current Mhz: 1700, Mhz Limit: 1700
Processor Information for processor 6
  Max Mhz: 1700, Current Mhz: 1700, Mhz Limit: 1700
Processor Information for processor 7
  Max Mhz: 1700, Current Mhz: 1700, Mhz Limit: 1700
Processor Information for processor 8
  Max Mhz: 1700, Current Mhz: 1200, Mhz Limit: 1190
Processor Information for processor 9
  Max Mhz: 1700, Current Mhz: 1200, Mhz Limit: 1190
Processor Information for processor 10
  Max Mhz: 1700, Current Mhz: 1200, Mhz Limit: 1190
Processor Information for processor 11
  Max Mhz: 1700, Current Mhz: 1200, Mhz Limit: 1190
Processor Information for processor 12
  Max Mhz: 1700, Current Mhz: 1200, Mhz Limit: 1190
Processor Information for processor 13
  Max Mhz: 1700, Current Mhz: 1200, Mhz Limit: 1190
Processor Information for processor 14
  Max Mhz: 1700, Current Mhz: 1200, Mhz Limit: 1190
Processor Information for processor 15
  Max Mhz: 1700, Current Mhz: 1200, Mhz Limit: 1190

Memory: 4k page, system-wide physical 16088M (2333M free)
TotalPageFile size 26069M (AvailPageFile size 0M)
current process WorkingSet (physical memory assigned to process): 127M, peak: 127M
current process commit charge ("private bytes"): 401M, peak: 402M

vm_info: OpenJDK 64-Bit Server VM (23.0.2+7-58) for windows-amd64 JRE (23.0.2+7-58), built on 2024-11-29T09:34:55Z with MS VC++ 17.6 (VS2022)

END.
