

Version:	3.9
CmdLine:	D:\guess-the-word-app1\GuessTheWordApp.exe --l4j-debug
WOW64:		yes
Working dir:	D:\guess-the-word-app1\.
Bundled JRE:	C:\Users\User\Downloads\MyApp\JRE
Check launcher:	C:\Users\User\Downloads\MyApp\JRE\bin\javaw.exe (not found)
Error msg:	This application was configured to use a bundled Java Runtime Environment but the runtime is missing or corrupted.


Version:	3.9
CmdLine:	D:\guess-the-word-app1\GuessTheWordApp.exe --l4j-debug
WOW64:		yes
Working dir:	D:\guess-the-word-app1\.
Bundled JRE:	C:\Users\User\scoop\apps\openjdk\current
Check launcher:	C:\Users\User\scoop\apps\openjdk\current\bin\javaw.exe (OK)
Launcher:	C:\Users\User\scoop\apps\openjdk\current\bin\javaw.exe
Launcher args:	-jar "D:\guess-the-word-app1\GuessTheWordApp.exe"
Args length:	49/32768 chars
Exit code:	0


Version:	3.9
CmdLine:	D:\guess-the-word-app1\GuessTheWordApp.exe --l4j-debug
WOW64:		yes
Working dir:	D:\guess-the-word-app1\.
Bundled JRE:	C:\Users\User\scoop\apps\openjdk\current
Check launcher:	C:\Users\User\scoop\apps\openjdk\current\bin\javaw.exe (OK)
Launcher:	C:\Users\User\scoop\apps\openjdk\current\bin\javaw.exe
Launcher args:	-jar "D:\guess-the-word-app1\GuessTheWordApp.exe"
Args length:	49/32768 chars
Exit code:	0


Version:	3.9
CmdLine:	D:\guess-the-word-app1\GuessTheWordApp.exe --l4j-debug
WOW64:		yes
Working dir:	D:\guess-the-word-app1\.
Bundled JRE:	C:\Users\User\scoop\apps\openjdk\current
Check launcher:	C:\Users\User\scoop\apps\openjdk\current\bin\javaw.exe (OK)
Launcher:	C:\Users\User\scoop\apps\openjdk\current\bin\javaw.exe
Launcher args:	-jar "D:\guess-the-word-app1\GuessTheWordApp.exe"
Args length:	49/32768 chars
Exit code:	0


Version:	3.9
CmdLine:	D:\guess-the-word-app1\GuessTheWordApp.exe --l4j-debug
WOW64:		yes
Working dir:	D:\guess-the-word-app1\.
Bundled JRE:	C:\Users\User\scoop\apps\openjdk\current
Check launcher:	C:\Users\User\scoop\apps\openjdk\current\bin\javaw.exe (OK)
Launcher:	C:\Users\User\scoop\apps\openjdk\current\bin\javaw.exe
Launcher args:	-jar "D:\guess-the-word-app1\GuessTheWordApp.exe"
Args length:	49/32768 chars
Exit code:	0


Version:	3.9
CmdLine:	D:\guess-the-word-app1\GuessTheWordApp.exe --l4j-debug
WOW64:		yes
Working dir:	D:\guess-the-word-app1\.
Bundled JRE:	C:\Users\User\scoop\apps\openjdk\current
Check launcher:	C:\Users\User\scoop\apps\openjdk\current\bin\javaw.exe (OK)
Launcher:	C:\Users\User\scoop\apps\openjdk\current\bin\javaw.exe
Launcher args:	-jar "D:\guess-the-word-app1\GuessTheWordApp.exe"
Args length:	49/32768 chars
Exit code:	0


Version:	3.9
CmdLine:	D:\guess-the-word-app1\GuessTheWordApp.exe --l4j-debug
WOW64:		yes
Working dir:	D:\guess-the-word-app1\.
Bundled JRE:	C:\Users\User\scoop\apps\openjdk\current
Check launcher:	C:\Users\User\scoop\apps\openjdk\current\bin\javaw.exe (OK)
Launcher:	C:\Users\User\scoop\apps\openjdk\current\bin\javaw.exe
Launcher args:	-jar "D:\guess-the-word-app1\GuessTheWordApp.exe"
Args length:	49/32768 chars
Exit code:	0


Version:	3.9
CmdLine:	D:\guess-the-word-app1\GuessTheWordApp.exe --l4j-debug
WOW64:		yes
Working dir:	D:\guess-the-word-app1\.
Bundled JRE:	C:\Users\User\scoop\apps\openjdk\current
Check launcher:	C:\Users\User\scoop\apps\openjdk\current\bin\javaw.exe (OK)
Launcher:	C:\Users\User\scoop\apps\openjdk\current\bin\javaw.exe
Launcher args:	-jar "D:\guess-the-word-app1\GuessTheWordApp.exe"
Args length:	49/32768 chars
Exit code:	0


Version:	3.9
CmdLine:	D:\guess-the-word-app1\GuessTheWordApp.exe --l4j-debug
WOW64:		yes
Working dir:	D:\guess-the-word-app1\.
Bundled JRE:	C:\Users\User\scoop\apps\openjdk\current
Check launcher:	C:\Users\User\scoop\apps\openjdk\current\bin\javaw.exe (OK)
Launcher:	C:\Users\User\scoop\apps\openjdk\current\bin\javaw.exe
Launcher args:	-jar "D:\guess-the-word-app1\GuessTheWordApp.exe"
Args length:	49/32768 chars
Exit code:	0


Version:	3.9
CmdLine:	D:\guess-the-word-app1\GuessTheWordApp.exe --l4j-debug
WOW64:		yes
Working dir:	D:\guess-the-word-app1\.
Bundled JRE:	C:\Users\User\scoop\apps\openjdk\current 
Check launcher:	C:\Users\User\scoop\apps\openjdk\current \bin\javaw.exe (not found)
Error msg:	This application was configured to use a bundled Java Runtime Environment but the runtime is missing or corrupted.


Version:	3.9
CmdLine:	D:\guess-the-word-app1\GuessTheWordApp.exe --l4j-debug
WOW64:		yes
Working dir:	D:\guess-the-word-app1\.
Bundled JRE:	C:\Users\User\scoop\apps\openjdk\current 
Check launcher:	C:\Users\User\scoop\apps\openjdk\current \bin\javaw.exe (not found)
Error msg:	This application was configured to use a bundled Java Runtime Environment but the runtime is missing or corrupted.


Version:	3.9
CmdLine:	D:\guess-the-word-app1\GuessTheWordApp.exe --l4j-debug
WOW64:		yes
Working dir:	D:\guess-the-word-app1\.
Bundled JRE:	C:\Users\User\scoop\apps\openjdk\current 
Check launcher:	C:\Users\User\scoop\apps\openjdk\current \bin\javaw.exe (not found)
Error msg:	This application was configured to use a bundled Java Runtime Environment but the runtime is missing or corrupted.


Version:	3.9
CmdLine:	D:\guess-the-word-app1\GuessTheWordApp.exe --l4j-debug
WOW64:		yes
Working dir:	D:\guess-the-word-app1\.
Bundled JRE:	C:\Users\User\Downloads\MyApp\JRE
Check launcher:	C:\Users\User\Downloads\MyApp\JRE\bin\javaw.exe (not found)
Error msg:	This application was configured to use a bundled Java Runtime Environment but the runtime is missing or corrupted.


Version:	3.9
CmdLine:	D:\guess-the-word-app1\GuessTheWordApp.exe --l4j-debug
WOW64:		yes
Working dir:	D:\guess-the-word-app1\.
Bundled JRE:	C:\Users\User\Downloads\MyApp\JRE
Check launcher:	C:\Users\User\Downloads\MyApp\JRE\bin\javaw.exe (not found)
Error msg:	This application was configured to use a bundled Java Runtime Environment but the runtime is missing or corrupted.


Version:	3.9
CmdLine:	D:\guess-the-word-app1\GuessTheWordApp.exe --l4j-debug
WOW64:		yes
Working dir:	D:\guess-the-word-app1\.
Bundled JRE:	C:\Users\User\Downloads\MyApp\JRE
Check launcher:	C:\Users\User\Downloads\MyApp\JRE\bin\javaw.exe (not found)
Error msg:	This application was configured to use a bundled Java Runtime Environment but the runtime is missing or corrupted.


Version:	3.9
CmdLine:	D:\guess-the-word-app1\GuessTheWordApp.exe --l4j-debug
WOW64:		yes
Working dir:	D:\guess-the-word-app1\.
Bundled JRE:	C:\Program Files\Eclipse Adoptium\jdk-21.0.7.6-hotspot
Check launcher:	C:\Program Files\Eclipse Adoptium\jdk-21.0.7.6-hotspot\bin\javaw.exe (OK)
Launcher:	C:\Program Files\Eclipse Adoptium\jdk-21.0.7.6-hotspot\bin\javaw.exe
Launcher args:	--module-path D:\javafx-sdk-21.0.7\lib --add-modules javafx.controls,javafx.fxml -jar "D:\guess-the-word-app1\GuessTheWordApp.exe"
Args length:	130/32768 chars
Exit code:	0
